[ 2017-12-18T10:43:43+08:00 ] 127.0.0.1 /index.php/Admin/Slide/layui.com/demo/table/user/?page=1&limit=10
INFO: [ app_begin ] --START--
INFO: Run Behavior\ReadHtmlCacheBehavior [ RunTime:0.001000s ]
INFO: [ app_begin ] --END-- [ RunTime:0.002000s ]
ERR: 非法操作:layui.com

[ 2017-12-18T10:52:34+08:00 ] 127.0.0.1 /index.php/Admin/Slide/getSlideData.html?page=1&limit=10
INFO: [ app_begin ] --START--
INFO: Run Behavior\ReadHtmlCacheBehavior [ RunTime:0.001001s ]
INFO: [ app_begin ] --END-- [ RunTime:0.002001s ]
SQL: SHOW COLUMNS FROM `z_slide` [ RunTime:0.0230s ]
SQL: SELECT * FROM `z_slide` LIMIT 2   [ RunTime:0.0010s ]

[ 2017-12-18T10:53:33+08:00 ] 127.0.0.1 /index.php/Admin/Slide/getSlideData.html?page=1&limit=10
INFO: [ app_begin ] --START--
INFO: Run Behavior\ReadHtmlCacheBehavior [ RunTime:0.002000s ]
INFO: [ app_begin ] --END-- [ RunTime:0.003000s ]
SQL: SHOW COLUMNS FROM `z_slide` [ RunTime:0.0480s ]
SQL: SELECT * FROM `z_slide` LIMIT 2   [ RunTime:0.0000s ]

[ 2017-12-18T10:54:24+08:00 ] 127.0.0.1 /index.php/Admin/Slide/getSlideData.html?page=1&limit=10
INFO: [ app_begin ] --START--
INFO: Run Behavior\ReadHtmlCacheBehavior [ RunTime:0.002000s ]
INFO: [ app_begin ] --END-- [ RunTime:0.004001s ]
SQL: SHOW COLUMNS FROM `z_slide` [ RunTime:0.0200s ]
SQL: SELECT * FROM `z_slide` LIMIT 2   [ RunTime:0.0000s ]
INFO: [ app_end ] --START--
INFO: Run Behavior\ShowPageTraceBehavior [ RunTime:0.002000s ]
INFO: [ app_end ] --END-- [ RunTime:0.002000s ]

[ 2017-12-18T10:56:17+08:00 ] 127.0.0.1 /index.php/Admin/Slide/getSlideData.html?page=1&limit=10
INFO: [ app_begin ] --START--
INFO: Run Behavior\ReadHtmlCacheBehavior [ RunTime:0.001000s ]
INFO: [ app_begin ] --END-- [ RunTime:0.003000s ]
SQL: SHOW COLUMNS FROM `z_slide` [ RunTime:0.0590s ]
SQL: SELECT * FROM `z_slide` LIMIT 2   [ RunTime:0.0010s ]

[ 2017-12-18T10:56:31+08:00 ] 127.0.0.1 /index.php/Admin/Slide/getSlideData.html?page=1&limit=10
INFO: [ app_begin ] --START--
INFO: Run Behavior\ReadHtmlCacheBehavior [ RunTime:0.004000s ]
INFO: [ app_begin ] --END-- [ RunTime:0.005000s ]
SQL: SHOW COLUMNS FROM `z_slide` [ RunTime:0.0240s ]
SQL: SELECT * FROM `z_slide` LIMIT 2   [ RunTime:0.0010s ]

[ 2017-12-18T10:57:00+08:00 ] 127.0.0.1 /index.php/Admin/Slide/getSlideData.html?page=1&limit=10
INFO: [ app_begin ] --START--
INFO: Run Behavior\ReadHtmlCacheBehavior [ RunTime:0.003000s ]
INFO: [ app_begin ] --END-- [ RunTime:0.005000s ]
SQL: SHOW COLUMNS FROM `z_slide` [ RunTime:0.0700s ]
SQL: SELECT * FROM `z_slide` LIMIT 2   [ RunTime:0.0010s ]

[ 2017-12-18T11:01:34+08:00 ] 127.0.0.1 /index.php/Admin/Slide/getSlideData.html?page=1&limit=10
INFO: [ app_begin ] --START--
INFO: Run Behavior\ReadHtmlCacheBehavior [ RunTime:0.004001s ]
INFO: [ app_begin ] --END-- [ RunTime:0.006001s ]
SQL: SHOW COLUMNS FROM `z_slide` [ RunTime:0.0230s ]
SQL: SELECT * FROM `z_slide` LIMIT 2   [ RunTime:0.0010s ]

[ 2017-12-18T11:03:37+08:00 ] 127.0.0.1 /index.php/Admin/Slide/getSlideData.html?page=1&limit=10
INFO: [ app_begin ] --START--
INFO: Run Behavior\ReadHtmlCacheBehavior [ RunTime:0.004001s ]
INFO: [ app_begin ] --END-- [ RunTime:0.005001s ]
SQL: SHOW COLUMNS FROM `z_slide` [ RunTime:0.0210s ]
SQL: SELECT * FROM `z_slide` LIMIT 2   [ RunTime:0.0010s ]

[ 2017-12-18T11:04:46+08:00 ] 127.0.0.1 /index.php/Admin/Slide/getSlideData.html?page=1&limit=10
INFO: [ app_begin ] --START--
INFO: Run Behavior\ReadHtmlCacheBehavior [ RunTime:0.003000s ]
INFO: [ app_begin ] --END-- [ RunTime:0.005000s ]
SQL: SHOW COLUMNS FROM `z_slide` [ RunTime:0.1230s ]
SQL: SELECT * FROM `z_slide` LIMIT 2   [ RunTime:0.0010s ]

[ 2017-12-18T11:05:49+08:00 ] 127.0.0.1 /index.php/Admin/Slide/getSlideData?page=1&limit=10
INFO: [ app_begin ] --START--
INFO: Run Behavior\ReadHtmlCacheBehavior [ RunTime:0.002000s ]
INFO: [ app_begin ] --END-- [ RunTime:0.003000s ]
SQL: SHOW COLUMNS FROM `z_slide` [ RunTime:0.0210s ]
SQL: SELECT * FROM `z_slide` LIMIT 2   [ RunTime:0.0010s ]

[ 2017-12-18T11:06:22+08:00 ] 127.0.0.1 /index.php/Admin/Slide/tp32.com/index.php/Admin/Slide/getSlideData?page=1&limit=10
INFO: [ app_begin ] --START--
INFO: Run Behavior\ReadHtmlCacheBehavior [ RunTime:0.002000s ]
INFO: [ app_begin ] --END-- [ RunTime:0.003000s ]
ERR: 非法操作:tp32.com

[ 2017-12-18T11:07:26+08:00 ] 127.0.0.1 /index.php/Admin/Slide/getSlideData.html?page=1&limit=2
INFO: [ app_begin ] --START--
INFO: Run Behavior\ReadHtmlCacheBehavior [ RunTime:0.002001s ]
INFO: [ app_begin ] --END-- [ RunTime:0.003001s ]
SQL: SHOW COLUMNS FROM `z_slide` [ RunTime:0.0180s ]
SQL: SELECT * FROM `z_slide` LIMIT 2   [ RunTime:0.0000s ]

[ 2017-12-18T11:10:50+08:00 ] 127.0.0.1 /index.php/Admin/Slide/getSlideData.html?page=1&limit=2
INFO: [ app_begin ] --START--
INFO: Run Behavior\ReadHtmlCacheBehavior [ RunTime:0.003001s ]
INFO: [ app_begin ] --END-- [ RunTime:0.005001s ]
SQL: SHOW COLUMNS FROM `z_slide` [ RunTime:0.1400s ]
SQL: SELECT * FROM `z_slide` LIMIT 2   [ RunTime:0.0010s ]

[ 2017-12-18T11:12:11+08:00 ] 127.0.0.1 /index.php/Admin/Slide/getSlideData.html?page=1&limit=2
INFO: [ app_begin ] --START--
INFO: Run Behavior\ReadHtmlCacheBehavior [ RunTime:0.005000s ]
INFO: [ app_begin ] --END-- [ RunTime:0.007000s ]
SQL: SHOW COLUMNS FROM `z_slide` [ RunTime:0.0230s ]
SQL: SELECT * FROM `z_slide` LIMIT 2   [ RunTime:0.0000s ]

[ 2017-12-18T11:12:48+08:00 ] 127.0.0.1 /index.php/Admin/Slide/getSlideData.html?page=1&limit=2
INFO: [ app_begin ] --START--
INFO: Run Behavior\ReadHtmlCacheBehavior [ RunTime:0.002000s ]
INFO: [ app_begin ] --END-- [ RunTime:0.003000s ]
SQL: SHOW COLUMNS FROM `z_slide` [ RunTime:0.0630s ]
SQL: SELECT * FROM `z_slide` LIMIT 2   [ RunTime:0.0010s ]

[ 2017-12-18T11:13:23+08:00 ] 127.0.0.1 /index.php/Admin/Slide/getSlideData.html?page=1&limit=2
INFO: [ app_begin ] --START--
INFO: Run Behavior\ReadHtmlCacheBehavior [ RunTime:0.002000s ]
INFO: [ app_begin ] --END-- [ RunTime:0.003000s ]
SQL: SHOW COLUMNS FROM `z_slide` [ RunTime:0.0630s ]
SQL: SELECT * FROM `z_slide` LIMIT 2   [ RunTime:0.0010s ]

[ 2017-12-18T11:15:50+08:00 ] 127.0.0.1 /index.php/Admin/Slide/getSlideData.html?page=1&limit=2
INFO: [ app_begin ] --START--
INFO: Run Behavior\ReadHtmlCacheBehavior [ RunTime:0.003001s ]
INFO: [ app_begin ] --END-- [ RunTime:0.005001s ]
SQL: SHOW COLUMNS FROM `z_slide` [ RunTime:0.0180s ]
SQL: SELECT * FROM `z_slide` LIMIT 2   [ RunTime:0.0000s ]

[ 2017-12-18T11:19:13+08:00 ] 127.0.0.1 /index.php/Admin/Slide/getSlideData.html?page=1&limit=2
INFO: [ app_begin ] --START--
INFO: Run Behavior\ReadHtmlCacheBehavior [ RunTime:0.003000s ]
INFO: [ app_begin ] --END-- [ RunTime:0.004000s ]
SQL: SHOW COLUMNS FROM `z_slide` [ RunTime:0.0200s ]
SQL: SELECT `id`,`std`,`add_time`,`name2`,`remark` FROM `z_slide` LIMIT 2   [ RunTime:0.0010s ]

[ 2017-12-18T11:20:05+08:00 ] 127.0.0.1 /index.php/Admin/Slide/getSlideData.html?page=1&limit=2
INFO: [ app_begin ] --START--
INFO: Run Behavior\ReadHtmlCacheBehavior [ RunTime:0.004000s ]
INFO: [ app_begin ] --END-- [ RunTime:0.005000s ]
SQL: SHOW COLUMNS FROM `z_slide` [ RunTime:0.0200s ]
SQL: SELECT * FROM `z_slide` LIMIT 2   [ RunTime:0.0010s ]

[ 2017-12-18T11:31:22+08:00 ] 127.0.0.1 /index.php/Admin/Slide/getSlideData.html?page=1&limit=2
INFO: [ app_begin ] --START--
INFO: Run Behavior\ReadHtmlCacheBehavior [ RunTime:0.003000s ]
INFO: [ app_begin ] --END-- [ RunTime:0.004000s ]
SQL: SHOW COLUMNS FROM `z_slide` [ RunTime:0.0210s ]
SQL: SELECT * FROM `z_slide` LIMIT 2   [ RunTime:0.0030s ]

[ 2017-12-18T11:35:09+08:00 ] 127.0.0.1 /index.php/Admin/Slide/getSlideData.html?page=1&limit=2
INFO: [ app_begin ] --START--
INFO: Run Behavior\ReadHtmlCacheBehavior [ RunTime:0.001000s ]
INFO: [ app_begin ] --END-- [ RunTime:0.002000s ]
SQL: SHOW COLUMNS FROM `z_slide` [ RunTime:0.0170s ]
SQL: SELECT * FROM `z_slide` LIMIT 2   [ RunTime:0.0000s ]

[ 2017-12-18T11:36:34+08:00 ] 127.0.0.1 /index.php/Admin/Slide/getSlideData.html?page=1&limit=2
INFO: [ app_begin ] --START--
INFO: Run Behavior\ReadHtmlCacheBehavior [ RunTime:0.001000s ]
INFO: [ app_begin ] --END-- [ RunTime:0.003000s ]
SQL: SHOW COLUMNS FROM `z_slide` [ RunTime:0.0160s ]
SQL: SELECT * FROM `z_slide` LIMIT 2   [ RunTime:0.0010s ]

[ 2017-12-18T11:38:27+08:00 ] 127.0.0.1 /index.php/Admin/Slide/getSlideData.html?page=1&limit=10
INFO: [ app_begin ] --START--
INFO: Run Behavior\ReadHtmlCacheBehavior [ RunTime:0.001000s ]
INFO: [ app_begin ] --END-- [ RunTime:0.003000s ]
SQL: SHOW COLUMNS FROM `z_slide` [ RunTime:0.0240s ]
SQL: SELECT * FROM `z_slide` LIMIT 2   [ RunTime:0.0010s ]

[ 2017-12-18T11:38:28+08:00 ] 127.0.0.1 /index.php/Admin/Slide/getSlideData.html?page=1&limit=2
INFO: [ app_begin ] --START--
INFO: Run Behavior\ReadHtmlCacheBehavior [ RunTime:0.002000s ]
INFO: [ app_begin ] --END-- [ RunTime:0.003000s ]
SQL: SHOW COLUMNS FROM `z_slide` [ RunTime:0.0180s ]
SQL: SELECT * FROM `z_slide` LIMIT 2   [ RunTime:0.0000s ]

[ 2017-12-18T11:43:35+08:00 ] 127.0.0.1 /index.php/Admin/Slide/getSlideData.html?page=1&limit=10
INFO: [ app_begin ] --START--
INFO: Run Behavior\ReadHtmlCacheBehavior [ RunTime:0.001000s ]
INFO: [ app_begin ] --END-- [ RunTime:0.003001s ]
SQL: SHOW COLUMNS FROM `z_slide` [ RunTime:0.0160s ]
SQL: SELECT * FROM `z_slide` LIMIT 2   [ RunTime:0.0010s ]

[ 2017-12-18T11:43:36+08:00 ] 127.0.0.1 /index.php/Admin/Slide/getSlideData.html?page=1&limit=2
INFO: [ app_begin ] --START--
INFO: Run Behavior\ReadHtmlCacheBehavior [ RunTime:0.001001s ]
INFO: [ app_begin ] --END-- [ RunTime:0.002001s ]
SQL: SHOW COLUMNS FROM `z_slide` [ RunTime:0.0150s ]
SQL: SELECT * FROM `z_slide` LIMIT 2   [ RunTime:0.0000s ]

[ 2017-12-18T11:43:45+08:00 ] 127.0.0.1 /index.php/Admin/Slide/getSlideData.html?page=1&limit=10
INFO: [ app_begin ] --START--
INFO: Run Behavior\ReadHtmlCacheBehavior [ RunTime:0.001000s ]
INFO: [ app_begin ] --END-- [ RunTime:0.002000s ]
SQL: SHOW COLUMNS FROM `z_slide` [ RunTime:0.0170s ]
SQL: SELECT * FROM `z_slide` LIMIT 2   [ RunTime:0.0010s ]

[ 2017-12-18T11:43:47+08:00 ] 127.0.0.1 /index.php/Admin/Slide/getSlideData.html?page=1&limit=2
INFO: [ app_begin ] --START--
INFO: Run Behavior\ReadHtmlCacheBehavior [ RunTime:0.001000s ]
INFO: [ app_begin ] --END-- [ RunTime:0.003000s ]
SQL: SHOW COLUMNS FROM `z_slide` [ RunTime:0.0210s ]
SQL: SELECT * FROM `z_slide` LIMIT 2   [ RunTime:0.0010s ]

[ 2017-12-18T11:46:12+08:00 ] 127.0.0.1 /index.php/Admin/Slide/getSlideData.html?page=1&limit=2
INFO: [ app_begin ] --START--
INFO: Run Behavior\ReadHtmlCacheBehavior [ RunTime:0.003000s ]
INFO: [ app_begin ] --END-- [ RunTime:0.004000s ]
SQL: SHOW COLUMNS FROM `z_slide` [ RunTime:0.0190s ]
SQL: SELECT * FROM `z_slide` LIMIT 2   [ RunTime:0.0010s ]

[ 2017-12-18T11:46:35+08:00 ] 127.0.0.1 /index.php/Admin/Slide/getSlideData.html?page=1&limit=2
INFO: [ app_begin ] --START--
INFO: Run Behavior\ReadHtmlCacheBehavior [ RunTime:0.003000s ]
INFO: [ app_begin ] --END-- [ RunTime:0.005000s ]
SQL: SHOW COLUMNS FROM `z_slide` [ RunTime:0.0300s ]
SQL: SELECT * FROM `z_slide` LIMIT 2   [ RunTime:0.0010s ]

[ 2017-12-18T11:46:46+08:00 ] 127.0.0.1 /index.php/Admin/Slide/getSlideData.html?page=1&limit=2
INFO: [ app_begin ] --START--
INFO: Run Behavior\ReadHtmlCacheBehavior [ RunTime:0.003000s ]
INFO: [ app_begin ] --END-- [ RunTime:0.004000s ]
SQL: SHOW COLUMNS FROM `z_slide` [ RunTime:0.0170s ]
SQL: SELECT * FROM `z_slide` LIMIT 2   [ RunTime:0.0010s ]

[ 2017-12-18T11:46:50+08:00 ] 127.0.0.1 /index.php/Admin/Slide/getSlideData.html?page=1&limit=2
INFO: [ app_begin ] --START--
INFO: Run Behavior\ReadHtmlCacheBehavior [ RunTime:0.003000s ]
INFO: [ app_begin ] --END-- [ RunTime:0.004000s ]
SQL: SHOW COLUMNS FROM `z_slide` [ RunTime:0.0160s ]
SQL: SELECT * FROM `z_slide` LIMIT 2   [ RunTime:0.0010s ]

[ 2017-12-18T11:48:32+08:00 ] 127.0.0.1 /index.php/Admin/Slide/getSlideData.html?page=1&limit=2
INFO: [ app_begin ] --START--
INFO: Run Behavior\ReadHtmlCacheBehavior [ RunTime:0.004000s ]
INFO: [ app_begin ] --END-- [ RunTime:0.006000s ]
SQL: SHOW COLUMNS FROM `z_slide` [ RunTime:0.0230s ]
SQL: SELECT * FROM `z_slide` LIMIT 2   [ RunTime:0.0000s ]

[ 2017-12-18T11:54:15+08:00 ] 127.0.0.1 /index.php/Admin/Slide/getSlideData.html?page=1&limit=2
INFO: [ app_begin ] --START--
INFO: Run Behavior\ReadHtmlCacheBehavior [ RunTime:0.002000s ]
INFO: [ app_begin ] --END-- [ RunTime:0.003000s ]
SQL: SHOW COLUMNS FROM `z_slide` [ RunTime:0.0160s ]
SQL: SELECT * FROM `z_slide` LIMIT 2   [ RunTime:0.0010s ]

[ 2017-12-18T11:59:20+08:00 ] 127.0.0.1 /index.php/Admin/Slide/getSlideData.html?page=1&limit=2
INFO: [ app_begin ] --START--
INFO: Run Behavior\ReadHtmlCacheBehavior [ RunTime:0.002000s ]
INFO: [ app_begin ] --END-- [ RunTime:0.004000s ]
SQL: SHOW COLUMNS FROM `z_slide` [ RunTime:0.0570s ]
SQL: SELECT * FROM `z_slide` LIMIT 2   [ RunTime:0.0020s ]

[ 2017-12-18T11:59:31+08:00 ] 127.0.0.1 /index.php/Admin/Slide/getSlideData.html?page=1&limit=2
INFO: [ app_begin ] --START--
INFO: Run Behavior\ReadHtmlCacheBehavior [ RunTime:0.008001s ]
INFO: [ app_begin ] --END-- [ RunTime:0.009001s ]
SQL: SHOW COLUMNS FROM `z_slide` [ RunTime:0.0170s ]
SQL: SELECT * FROM `z_slide` LIMIT 2   [ RunTime:0.0010s ]

[ 2017-12-18T11:59:35+08:00 ] 127.0.0.1 /index.php/Admin/Slide/getSlideData.html?page=1&limit=2
INFO: [ app_begin ] --START--
INFO: Run Behavior\ReadHtmlCacheBehavior [ RunTime:0.002000s ]
INFO: [ app_begin ] --END-- [ RunTime:0.003000s ]
SQL: SHOW COLUMNS FROM `z_slide` [ RunTime:0.0160s ]
SQL: SELECT * FROM `z_slide` LIMIT 2   [ RunTime:0.0010s ]

[ 2017-12-18T11:59:38+08:00 ] 127.0.0.1 /index.php/Admin/Slide/getSlideData.html?page=1&limit=2
INFO: [ app_begin ] --START--
INFO: Run Behavior\ReadHtmlCacheBehavior [ RunTime:0.001000s ]
INFO: [ app_begin ] --END-- [ RunTime:0.002000s ]
SQL: SHOW COLUMNS FROM `z_slide` [ RunTime:0.0220s ]
SQL: SELECT * FROM `z_slide` LIMIT 2   [ RunTime:0.0010s ]

[ 2017-12-18T11:59:52+08:00 ] 127.0.0.1 /index.php/Admin/Slide/getSlideData.html?page=1&limit=2
INFO: [ app_begin ] --START--
INFO: Run Behavior\ReadHtmlCacheBehavior [ RunTime:0.001000s ]
INFO: [ app_begin ] --END-- [ RunTime:0.003000s ]
SQL: SHOW COLUMNS FROM `z_slide` [ RunTime:0.0150s ]
SQL: SELECT * FROM `z_slide` LIMIT 2   [ RunTime:0.0010s ]

[ 2017-12-18T12:00:24+08:00 ] 127.0.0.1 /index.php/Admin/Slide/getSlideData.html?page=1&limit=2
INFO: [ app_begin ] --START--
INFO: Run Behavior\ReadHtmlCacheBehavior [ RunTime:0.001000s ]
INFO: [ app_begin ] --END-- [ RunTime:0.003000s ]
SQL: SHOW COLUMNS FROM `z_slide` [ RunTime:0.0210s ]
SQL: SELECT * FROM `z_slide` LIMIT 2   [ RunTime:0.0010s ]

[ 2017-12-18T12:00:29+08:00 ] 127.0.0.1 /index.php/Admin/Slide/getSlideData.html?page=1&limit=2
INFO: [ app_begin ] --START--
INFO: Run Behavior\ReadHtmlCacheBehavior [ RunTime:0.001000s ]
INFO: [ app_begin ] --END-- [ RunTime:0.002000s ]
SQL: SHOW COLUMNS FROM `z_slide` [ RunTime:0.0160s ]
SQL: SELECT * FROM `z_slide` LIMIT 2   [ RunTime:0.0000s ]

[ 2017-12-18T12:01:00+08:00 ] 127.0.0.1 /index.php/Admin/Slide/getSlideData.html?page=1&limit=2
INFO: [ app_begin ] --START--
INFO: Run Behavior\ReadHtmlCacheBehavior [ RunTime:0.003000s ]
INFO: [ app_begin ] --END-- [ RunTime:0.005000s ]
SQL: SHOW COLUMNS FROM `z_slide` [ RunTime:0.0250s ]
SQL: SELECT * FROM `z_slide` LIMIT 2   [ RunTime:0.0010s ]

[ 2017-12-18T12:01:08+08:00 ] 127.0.0.1 /index.php/Admin/Slide/getSlideData.html?page=1&limit=2
INFO: [ app_begin ] --START--
INFO: Run Behavior\ReadHtmlCacheBehavior [ RunTime:0.003000s ]
INFO: [ app_begin ] --END-- [ RunTime:0.004000s ]
SQL: SHOW COLUMNS FROM `z_slide` [ RunTime:0.0170s ]
SQL: SELECT * FROM `z_slide` LIMIT 2   [ RunTime:0.0000s ]

[ 2017-12-18T12:01:14+08:00 ] 127.0.0.1 /index.php/Admin/Slide/getSlideData.html?page=1&limit=2
INFO: [ app_begin ] --START--
INFO: Run Behavior\ReadHtmlCacheBehavior [ RunTime:0.001000s ]
INFO: [ app_begin ] --END-- [ RunTime:0.002000s ]
SQL: SHOW COLUMNS FROM `z_slide` [ RunTime:0.0160s ]
SQL: SELECT * FROM `z_slide` LIMIT 2   [ RunTime:0.0000s ]

[ 2017-12-18T12:01:19+08:00 ] 127.0.0.1 /index.php/Admin/Slide/getSlideData.html?page=1&limit=2
INFO: [ app_begin ] --START--
INFO: Run Behavior\ReadHtmlCacheBehavior [ RunTime:0.002000s ]
INFO: [ app_begin ] --END-- [ RunTime:0.003000s ]
SQL: SHOW COLUMNS FROM `z_slide` [ RunTime:0.0220s ]
SQL: SELECT * FROM `z_slide` LIMIT 2   [ RunTime:0.0000s ]

[ 2017-12-18T12:02:17+08:00 ] 127.0.0.1 /index.php/Admin/Slide/getSlideData.html
INFO: [ app_begin ] --START--
INFO: Run Behavior\ReadHtmlCacheBehavior [ RunTime:0.001000s ]
INFO: [ app_begin ] --END-- [ RunTime:0.003000s ]
SQL: SHOW COLUMNS FROM `z_slide` [ RunTime:0.0150s ]
SQL: SELECT * FROM `z_slide` LIMIT 2   [ RunTime:0.0000s ]

[ 2017-12-18T12:03:40+08:00 ] 127.0.0.1 /index.php/Admin/Slide/getSlideData.html?page=1&limit=2
INFO: [ app_begin ] --START--
INFO: Run Behavior\ReadHtmlCacheBehavior [ RunTime:0.001000s ]
INFO: [ app_begin ] --END-- [ RunTime:0.002000s ]
SQL: SHOW COLUMNS FROM `z_slide` [ RunTime:0.0220s ]
SQL: SELECT * FROM `z_slide` LIMIT 2   [ RunTime:0.0000s ]

[ 2017-12-18T12:04:45+08:00 ] 127.0.0.1 /index.php/Admin/Slide/getSlideData.html?page=1&limit=2
INFO: [ app_begin ] --START--
INFO: Run Behavior\ReadHtmlCacheBehavior [ RunTime:0.001000s ]
INFO: [ app_begin ] --END-- [ RunTime:0.002000s ]
SQL: SHOW COLUMNS FROM `z_slide` [ RunTime:0.0230s ]
SQL: SELECT * FROM `z_slide` LIMIT 2   [ RunTime:0.0000s ]

[ 2017-12-18T13:42:54+08:00 ] 127.0.0.1 /index.php/Admin/Slide/getSlideData.html?page=1&limit=2
INFO: [ app_begin ] --START--
INFO: Run Behavior\ReadHtmlCacheBehavior [ RunTime:0.002000s ]
INFO: [ app_begin ] --END-- [ RunTime:0.003000s ]
SQL: SHOW COLUMNS FROM `z_slide` [ RunTime:0.1440s ]
SQL: SELECT * FROM `z_slide` LIMIT 2   [ RunTime:0.0020s ]

[ 2017-12-18T13:42:58+08:00 ] 127.0.0.1 /index.php/Admin/Slide/getSlideData.html?page=1&limit=60
INFO: [ app_begin ] --START--
INFO: Run Behavior\ReadHtmlCacheBehavior [ RunTime:0.002001s ]
INFO: [ app_begin ] --END-- [ RunTime:0.003001s ]
SQL: SHOW COLUMNS FROM `z_slide` [ RunTime:0.0170s ]
SQL: SELECT * FROM `z_slide` LIMIT 2   [ RunTime:0.0010s ]

[ 2017-12-18T13:43:02+08:00 ] 127.0.0.1 /index.php/Admin/Slide/getSlideData.html?page=1&limit=10
INFO: [ app_begin ] --START--
INFO: Run Behavior\ReadHtmlCacheBehavior [ RunTime:0.001000s ]
INFO: [ app_begin ] --END-- [ RunTime:0.002000s ]
SQL: SHOW COLUMNS FROM `z_slide` [ RunTime:0.0170s ]
SQL: SELECT * FROM `z_slide` LIMIT 2   [ RunTime:0.0000s ]

[ 2017-12-18T13:43:09+08:00 ] 127.0.0.1 /index.php/Admin/Slide/getSlideData.html?page=1&limit=10
INFO: [ app_begin ] --START--
INFO: Run Behavior\ReadHtmlCacheBehavior [ RunTime:0.002000s ]
INFO: [ app_begin ] --END-- [ RunTime:0.003001s ]
SQL: SHOW COLUMNS FROM `z_slide` [ RunTime:0.0520s ]
SQL: SELECT * FROM `z_slide` LIMIT 2   [ RunTime:0.0010s ]

[ 2017-12-18T13:52:26+08:00 ] 127.0.0.1 /index.php/Admin/Slide/getSlideData.html?page=1&limit=2
INFO: [ app_begin ] --START--
INFO: Run Behavior\ReadHtmlCacheBehavior [ RunTime:0.006000s ]
INFO: [ app_begin ] --END-- [ RunTime:0.008001s ]
SQL: SHOW COLUMNS FROM `z_slide` [ RunTime:0.0200s ]
SQL: SELECT * FROM `z_slide` LIMIT 20   [ RunTime:0.1010s ]

[ 2017-12-18T13:52:44+08:00 ] 127.0.0.1 /index.php/Admin/Slide/getSlideData.html?page=1&limit=20
INFO: [ app_begin ] --START--
INFO: Run Behavior\ReadHtmlCacheBehavior [ RunTime:0.002000s ]
INFO: [ app_begin ] --END-- [ RunTime:0.003000s ]
SQL: SHOW COLUMNS FROM `z_slide` [ RunTime:0.0450s ]
SQL: SELECT * FROM `z_slide` LIMIT 20   [ RunTime:0.0000s ]

[ 2017-12-18T13:52:48+08:00 ] 127.0.0.1 /index.php/Admin/Slide/getSlideData.html?page=1&limit=10
INFO: [ app_begin ] --START--
INFO: Run Behavior\ReadHtmlCacheBehavior [ RunTime:0.001000s ]
INFO: [ app_begin ] --END-- [ RunTime:0.001000s ]
SQL: SHOW COLUMNS FROM `z_slide` [ RunTime:0.0190s ]
SQL: SELECT * FROM `z_slide` LIMIT 20   [ RunTime:0.0010s ]

[ 2017-12-18T13:53:27+08:00 ] 127.0.0.1 /index.php/Admin/Slide/getSlideData.html?page=1&limit=2
INFO: [ app_begin ] --START--
INFO: Run Behavior\ReadHtmlCacheBehavior [ RunTime:0.002001s ]
INFO: [ app_begin ] --END-- [ RunTime:0.003001s ]
SQL: SHOW COLUMNS FROM `z_slide` [ RunTime:0.0260s ]
SQL: SELECT * FROM `z_slide` LIMIT 20   [ RunTime:0.0480s ]

[ 2017-12-18T14:06:00+08:00 ] 127.0.0.1 /index.php/Admin/Slide/getSlideData.html?page=1&limit=2
INFO: [ app_begin ] --START--
INFO: Run Behavior\ReadHtmlCacheBehavior [ RunTime:0.002000s ]
INFO: [ app_begin ] --END-- [ RunTime:0.004000s ]
SQL: SHOW COLUMNS FROM `z_slide` [ RunTime:0.0230s ]
SQL: SELECT * FROM `z_slide` LIMIT 20   [ RunTime:0.0010s ]
SQL: SELECT COUNT(id) AS tp_count FROM `z_slide` LIMIT 1   [ RunTime:0.0010s ]

[ 2017-12-18T14:10:01+08:00 ] 127.0.0.1 /index.php/Admin/Slide/getSlideData.html?page=1&limit=2
INFO: [ app_begin ] --START--
INFO: Run Behavior\ReadHtmlCacheBehavior [ RunTime:0.002001s ]
INFO: [ app_begin ] --END-- [ RunTime:0.003001s ]
SQL: SHOW COLUMNS FROM `z_slide` [ RunTime:0.0200s ]
SQL: SELECT * FROM `z_slide` LIMIT 20   [ RunTime:0.0010s ]
SQL: SELECT COUNT(id) AS tp_count FROM `z_slide` LIMIT 1   [ RunTime:0.0000s ]

[ 2017-12-18T14:10:38+08:00 ] 127.0.0.1 /index.php/Admin/Slide/getSlideData.html?page=1&limit=2
INFO: [ app_begin ] --START--
INFO: Run Behavior\ReadHtmlCacheBehavior [ RunTime:0.002000s ]
INFO: [ app_begin ] --END-- [ RunTime:0.003000s ]
SQL: SHOW COLUMNS FROM `z_slide` [ RunTime:0.0210s ]
SQL: SELECT * FROM `z_slide` LIMIT 20   [ RunTime:0.0010s ]
SQL: SELECT COUNT(id) AS tp_count FROM `z_slide` LIMIT 1   [ RunTime:0.0010s ]

[ 2017-12-18T14:14:53+08:00 ] 127.0.0.1 /index.php/Admin/Slide/getSlideData.html?page=1&limit=10
INFO: [ app_begin ] --START--
INFO: Run Behavior\ReadHtmlCacheBehavior [ RunTime:0.001000s ]
INFO: [ app_begin ] --END-- [ RunTime:0.001000s ]
SQL: SHOW COLUMNS FROM `z_slide` [ RunTime:0.0200s ]
SQL: SELECT * FROM `z_slide` LIMIT 10   [ RunTime:0.0010s ]
SQL: SELECT COUNT(id) AS tp_count FROM `z_slide` LIMIT 1   [ RunTime:0.0580s ]

[ 2017-12-18T14:14:57+08:00 ] 127.0.0.1 /index.php/Admin/Slide/getSlideData.html?page=2&limit=10
INFO: [ app_begin ] --START--
INFO: Run Behavior\ReadHtmlCacheBehavior [ RunTime:0.001000s ]
INFO: [ app_begin ] --END-- [ RunTime:0.002000s ]
SQL: SHOW COLUMNS FROM `z_slide` [ RunTime:0.0180s ]
SQL: SELECT * FROM `z_slide` LIMIT 10   [ RunTime:0.0010s ]
SQL: SELECT COUNT(id) AS tp_count FROM `z_slide` LIMIT 1   [ RunTime:0.0010s ]

[ 2017-12-18T14:15:05+08:00 ] 127.0.0.1 /index.php/Admin/Slide/getSlideData.html?page=1&limit=10
INFO: [ app_begin ] --START--
INFO: Run Behavior\ReadHtmlCacheBehavior [ RunTime:0.001001s ]
INFO: [ app_begin ] --END-- [ RunTime:0.002001s ]
SQL: SHOW COLUMNS FROM `z_slide` [ RunTime:0.0170s ]
SQL: SELECT * FROM `z_slide` LIMIT 10   [ RunTime:0.0010s ]
SQL: SELECT COUNT(id) AS tp_count FROM `z_slide` LIMIT 1   [ RunTime:0.0000s ]

[ 2017-12-18T14:15:10+08:00 ] 127.0.0.1 /index.php/Admin/Slide/getSlideData.html?page=2&limit=10
INFO: [ app_begin ] --START--
INFO: Run Behavior\ReadHtmlCacheBehavior [ RunTime:0.000000s ]
INFO: [ app_begin ] --END-- [ RunTime:0.001000s ]
SQL: SHOW COLUMNS FROM `z_slide` [ RunTime:0.0500s ]
SQL: SELECT * FROM `z_slide` LIMIT 10   [ RunTime:0.0000s ]
SQL: SELECT COUNT(id) AS tp_count FROM `z_slide` LIMIT 1   [ RunTime:0.0000s ]

[ 2017-12-18T14:16:18+08:00 ] 127.0.0.1 /index.php/Admin/Slide/getSlideData.html?page=1&limit=2
INFO: [ app_begin ] --START--
INFO: Run Behavior\ReadHtmlCacheBehavior [ RunTime:0.001000s ]
INFO: [ app_begin ] --END-- [ RunTime:0.001000s ]

[ 2017-12-18T14:16:33+08:00 ] 127.0.0.1 /index.php/Admin/Slide/getSlideData.html?page=1&limit=10
INFO: [ app_begin ] --START--
INFO: Run Behavior\ReadHtmlCacheBehavior [ RunTime:0.002000s ]
INFO: [ app_begin ] --END-- [ RunTime:0.003000s ]
SQL: SHOW COLUMNS FROM `z_slide` [ RunTime:0.0220s ]
SQL: SELECT * FROM `z_slide` LIMIT 10   [ RunTime:0.0640s ]
SQL: SELECT COUNT(id) AS tp_count FROM `z_slide` LIMIT 1   [ RunTime:0.0010s ]

[ 2017-12-18T14:19:21+08:00 ] 127.0.0.1 /index.php/Admin/Slide/getSlideData.html?page=1&limit=10
INFO: [ app_begin ] --START--
INFO: Run Behavior\ReadHtmlCacheBehavior [ RunTime:0.001000s ]
INFO: [ app_begin ] --END-- [ RunTime:0.001000s ]
SQL: SHOW COLUMNS FROM `z_slide` [ RunTime:0.0170s ]
SQL: SELECT `status`,`add_time`,`name`,`remark` FROM `z_slide` LIMIT 10   [ RunTime:0.0010s ]
SQL: SELECT COUNT(id) AS tp_count FROM `z_slide` LIMIT 1   [ RunTime:0.0000s ]

[ 2017-12-18T14:24:37+08:00 ] 127.0.0.1 /index.php/Admin/Slide/getSlideData.html?page=1&limit=10
INFO: [ app_begin ] --START--
INFO: Run Behavior\ReadHtmlCacheBehavior [ RunTime:0.001000s ]
INFO: [ app_begin ] --END-- [ RunTime:0.002000s ]
SQL: SHOW COLUMNS FROM `z_slide` [ RunTime:0.1100s ]
SQL: SELECT `id`,`status`,`add_time`,`name`,`remark` FROM `z_slide` LIMIT 10   [ RunTime:0.0400s ]
SQL: SELECT COUNT(id) AS tp_count FROM `z_slide` LIMIT 1   [ RunTime:0.0140s ]

[ 2017-12-18T14:24:48+08:00 ] 127.0.0.1 /index.php/Admin/Slide/getSlideData.html?page=2&limit=10
INFO: [ app_begin ] --START--
INFO: Run Behavior\ReadHtmlCacheBehavior [ RunTime:0.002000s ]
INFO: [ app_begin ] --END-- [ RunTime:0.003000s ]
SQL: SHOW COLUMNS FROM `z_slide` [ RunTime:0.0340s ]
SQL: SELECT `id`,`status`,`add_time`,`name`,`remark` FROM `z_slide` LIMIT 10   [ RunTime:0.0000s ]
SQL: SELECT COUNT(id) AS tp_count FROM `z_slide` LIMIT 1   [ RunTime:0.0010s ]

[ 2017-12-18T14:25:03+08:00 ] 127.0.0.1 /index.php/Admin/Slide/getSlideData.html?page=1&limit=10
INFO: [ app_begin ] --START--
INFO: Run Behavior\ReadHtmlCacheBehavior [ RunTime:0.002000s ]
INFO: [ app_begin ] --END-- [ RunTime:0.004000s ]
SQL: SHOW COLUMNS FROM `z_slide` [ RunTime:0.0200s ]
SQL: SELECT `id`,`status`,`add_time`,`name`,`remark` FROM `z_slide` LIMIT 10   [ RunTime:0.0010s ]
SQL: SELECT COUNT(id) AS tp_count FROM `z_slide` LIMIT 1   [ RunTime:0.0000s ]

[ 2017-12-18T14:25:05+08:00 ] 127.0.0.1 /index.php/Admin/Slide/getSlideData.html?page=2&limit=10
INFO: [ app_begin ] --START--
INFO: Run Behavior\ReadHtmlCacheBehavior [ RunTime:0.002000s ]
INFO: [ app_begin ] --END-- [ RunTime:0.003000s ]
SQL: SHOW COLUMNS FROM `z_slide` [ RunTime:0.0160s ]
SQL: SELECT `id`,`status`,`add_time`,`name`,`remark` FROM `z_slide` LIMIT 10   [ RunTime:0.0000s ]
SQL: SELECT COUNT(id) AS tp_count FROM `z_slide` LIMIT 1   [ RunTime:0.0000s ]

[ 2017-12-18T14:30:56+08:00 ] 127.0.0.1 /index.php/Admin/Slide/getSlideData.html?page=1&limit=10
INFO: [ app_begin ] --START--
INFO: Run Behavior\ReadHtmlCacheBehavior [ RunTime:0.004000s ]
INFO: [ app_begin ] --END-- [ RunTime:0.006000s ]
SQL: SHOW COLUMNS FROM `z_slide` [ RunTime:0.0350s ]
SQL: SELECT `id`,`status`,`add_time`,`name`,`remark` FROM `z_slide` LIMIT 10,10   [ RunTime:0.0020s ]
SQL: SELECT COUNT(id) AS tp_count FROM `z_slide` LIMIT 1   [ RunTime:0.0000s ]

[ 2017-12-18T14:31:33+08:00 ] 127.0.0.1 /index.php/Admin/Slide/getSlideData.html?page=1&limit=10
INFO: [ app_begin ] --START--
INFO: Run Behavior\ReadHtmlCacheBehavior [ RunTime:0.005000s ]
INFO: [ app_begin ] --END-- [ RunTime:0.007001s ]
SQL: SHOW COLUMNS FROM `z_slide` [ RunTime:0.0210s ]
SQL: SELECT `id`,`status`,`add_time`,`name`,`remark` FROM `z_slide` LIMIT 10,10   [ RunTime:0.0000s ]
SQL: SELECT COUNT(id) AS tp_count FROM `z_slide` LIMIT 1   [ RunTime:0.0000s ]

[ 2017-12-18T14:31:37+08:00 ] 127.0.0.1 /index.php/Admin/Slide/getSlideData.html?page=2&limit=10
INFO: [ app_begin ] --START--
INFO: Run Behavior\ReadHtmlCacheBehavior [ RunTime:0.002000s ]
INFO: [ app_begin ] --END-- [ RunTime:0.004000s ]
SQL: SHOW COLUMNS FROM `z_slide` [ RunTime:0.0160s ]
SQL: SELECT `id`,`status`,`add_time`,`name`,`remark` FROM `z_slide` LIMIT 20,10   [ RunTime:0.0010s ]
SQL: SELECT COUNT(id) AS tp_count FROM `z_slide` LIMIT 1   [ RunTime:0.0000s ]
INFO: [ app_end ] --START--
INFO: Run Behavior\ShowPageTraceBehavior [ RunTime:0.002000s ]
INFO: [ app_end ] --END-- [ RunTime:0.003000s ]

[ 2017-12-18T14:31:41+08:00 ] 127.0.0.1 /index.php/Admin/Slide/getSlideData.html?page=1&limit=10
INFO: [ app_begin ] --START--
INFO: Run Behavior\ReadHtmlCacheBehavior [ RunTime:0.002000s ]
INFO: [ app_begin ] --END-- [ RunTime:0.004000s ]
SQL: SHOW COLUMNS FROM `z_slide` [ RunTime:0.0170s ]
SQL: SELECT `id`,`status`,`add_time`,`name`,`remark` FROM `z_slide` LIMIT 10,10   [ RunTime:0.0000s ]
SQL: SELECT COUNT(id) AS tp_count FROM `z_slide` LIMIT 1   [ RunTime:0.0000s ]

[ 2017-12-18T14:32:11+08:00 ] 127.0.0.1 /index.php/Admin/Slide/getSlideData.html?page=1&limit=10
INFO: [ app_begin ] --START--
INFO: Run Behavior\ReadHtmlCacheBehavior [ RunTime:0.003000s ]
INFO: [ app_begin ] --END-- [ RunTime:0.005000s ]
SQL: SHOW COLUMNS FROM `z_slide` [ RunTime:0.0230s ]
SQL: SELECT `id`,`status`,`add_time`,`name`,`remark` FROM `z_slide` LIMIT 0,10   [ RunTime:0.0010s ]
SQL: SELECT COUNT(id) AS tp_count FROM `z_slide` LIMIT 1   [ RunTime:0.0010s ]

[ 2017-12-18T14:32:23+08:00 ] 127.0.0.1 /index.php/Admin/Slide/getSlideData.html?page=1&limit=5
INFO: [ app_begin ] --START--
INFO: Run Behavior\ReadHtmlCacheBehavior [ RunTime:0.002000s ]
INFO: [ app_begin ] --END-- [ RunTime:0.003000s ]
SQL: SHOW COLUMNS FROM `z_slide` [ RunTime:0.0160s ]
SQL: SELECT `id`,`status`,`add_time`,`name`,`remark` FROM `z_slide` LIMIT 0,5   [ RunTime:0.0010s ]
SQL: SELECT COUNT(id) AS tp_count FROM `z_slide` LIMIT 1   [ RunTime:0.0000s ]

[ 2017-12-18T14:32:29+08:00 ] 127.0.0.1 /index.php/Admin/Slide/getSlideData.html?page=2&limit=5
INFO: [ app_begin ] --START--
INFO: Run Behavior\ReadHtmlCacheBehavior [ RunTime:0.003000s ]
INFO: [ app_begin ] --END-- [ RunTime:0.004000s ]
SQL: SHOW COLUMNS FROM `z_slide` [ RunTime:0.0210s ]
SQL: SELECT `id`,`status`,`add_time`,`name`,`remark` FROM `z_slide` LIMIT 5,5   [ RunTime:0.0010s ]
SQL: SELECT COUNT(id) AS tp_count FROM `z_slide` LIMIT 1   [ RunTime:0.0000s ]

[ 2017-12-18T14:32:32+08:00 ] 127.0.0.1 /index.php/Admin/Slide/getSlideData.html?page=3&limit=5
INFO: [ app_begin ] --START--
INFO: Run Behavior\ReadHtmlCacheBehavior [ RunTime:0.002000s ]
INFO: [ app_begin ] --END-- [ RunTime:0.003000s ]
SQL: SHOW COLUMNS FROM `z_slide` [ RunTime:0.0200s ]
SQL: SELECT `id`,`status`,`add_time`,`name`,`remark` FROM `z_slide` LIMIT 10,5   [ RunTime:0.0010s ]
SQL: SELECT COUNT(id) AS tp_count FROM `z_slide` LIMIT 1   [ RunTime:0.0010s ]

[ 2017-12-18T14:32:35+08:00 ] 127.0.0.1 /index.php/Admin/Slide/getSlideData.html?page=2&limit=5
INFO: [ app_begin ] --START--
INFO: Run Behavior\ReadHtmlCacheBehavior [ RunTime:0.003000s ]
INFO: [ app_begin ] --END-- [ RunTime:0.006000s ]
SQL: SHOW COLUMNS FROM `z_slide` [ RunTime:0.0180s ]
SQL: SELECT `id`,`status`,`add_time`,`name`,`remark` FROM `z_slide` LIMIT 5,5   [ RunTime:0.0010s ]
SQL: SELECT COUNT(id) AS tp_count FROM `z_slide` LIMIT 1   [ RunTime:0.0000s ]

[ 2017-12-18T14:38:54+08:00 ] 127.0.0.1 /index.php/Admin/Slide/getSlideData.html?page=1&limit=10
INFO: [ app_begin ] --START--
INFO: Run Behavior\ReadHtmlCacheBehavior [ RunTime:0.003000s ]
INFO: [ app_begin ] --END-- [ RunTime:0.005001s ]
SQL: SHOW COLUMNS FROM `z_slide` [ RunTime:0.0300s ]
SQL: SELECT `id`,`status`,`add_time`,`name`,`remark` FROM `z_slide` LIMIT 0,10   [ RunTime:0.0010s ]
SQL: SELECT COUNT(id) AS tp_count FROM `z_slide` LIMIT 1   [ RunTime:0.0010s ]

[ 2017-12-18T14:39:26+08:00 ] 127.0.0.1 /index.php/Admin/Slide/getSlideData.html?page=1&limit=10
INFO: [ app_begin ] --START--
INFO: Run Behavior\ReadHtmlCacheBehavior [ RunTime:0.002000s ]
INFO: [ app_begin ] --END-- [ RunTime:0.003000s ]
SQL: SHOW COLUMNS FROM `z_slide` [ RunTime:0.0150s ]
SQL: SELECT `id`,`status`,`add_time`,`name`,`remark` FROM `z_slide` LIMIT 0,10   [ RunTime:0.0010s ]
SQL: SELECT COUNT(id) AS tp_count FROM `z_slide` LIMIT 1   [ RunTime:0.0010s ]

[ 2017-12-18T14:39:42+08:00 ] 127.0.0.1 /index.php/Admin/Slide/getSlideData.html?page=1&limit=10
INFO: [ app_begin ] --START--
INFO: Run Behavior\ReadHtmlCacheBehavior [ RunTime:0.003000s ]
INFO: [ app_begin ] --END-- [ RunTime:0.005000s ]
SQL: SHOW COLUMNS FROM `z_slide` [ RunTime:0.0180s ]
SQL: SELECT `id`,`status`,`add_time`,`name`,`remark` FROM `z_slide` LIMIT 0,10   [ RunTime:0.0010s ]
SQL: SELECT COUNT(id) AS tp_count FROM `z_slide` LIMIT 1   [ RunTime:0.0010s ]

[ 2017-12-18T14:39:53+08:00 ] 127.0.0.1 /index.php/Admin/Slide/getSlideData.html?page=1&limit=10
INFO: [ app_begin ] --START--
INFO: Run Behavior\ReadHtmlCacheBehavior [ RunTime:0.004000s ]
INFO: [ app_begin ] --END-- [ RunTime:0.006000s ]
SQL: SHOW COLUMNS FROM `z_slide` [ RunTime:0.0230s ]
SQL: SELECT `id`,`status`,`add_time`,`name`,`remark` FROM `z_slide` LIMIT 0,10   [ RunTime:0.0000s ]
SQL: SELECT COUNT(id) AS tp_count FROM `z_slide` LIMIT 1   [ RunTime:0.0000s ]

[ 2017-12-18T14:39:58+08:00 ] 127.0.0.1 /index.php/Admin/Slide/getSlideData.html?page=1&limit=20
INFO: [ app_begin ] --START--
INFO: Run Behavior\ReadHtmlCacheBehavior [ RunTime:0.003000s ]
INFO: [ app_begin ] --END-- [ RunTime:0.005000s ]
SQL: SHOW COLUMNS FROM `z_slide` [ RunTime:0.0160s ]
SQL: SELECT `id`,`status`,`add_time`,`name`,`remark` FROM `z_slide` LIMIT 0,20   [ RunTime:0.0010s ]
SQL: SELECT COUNT(id) AS tp_count FROM `z_slide` LIMIT 1   [ RunTime:0.0000s ]

[ 2017-12-18T14:40:22+08:00 ] 127.0.0.1 /index.php/Admin/Slide/getSlideData.html?page=1&limit=10
INFO: [ app_begin ] --START--
INFO: Run Behavior\ReadHtmlCacheBehavior [ RunTime:0.003000s ]
INFO: [ app_begin ] --END-- [ RunTime:0.005000s ]
SQL: SHOW COLUMNS FROM `z_slide` [ RunTime:0.0170s ]
SQL: SELECT `id`,`status`,`add_time`,`name`,`remark` FROM `z_slide` LIMIT 0,10   [ RunTime:0.0010s ]
SQL: SELECT COUNT(id) AS tp_count FROM `z_slide` LIMIT 1   [ RunTime:0.0000s ]

[ 2017-12-18T14:44:54+08:00 ] 127.0.0.1 /index.php/Admin/Slide/getSlideData.html?page=1&limit=10
INFO: [ app_begin ] --START--
INFO: Run Behavior\ReadHtmlCacheBehavior [ RunTime:0.002000s ]
INFO: [ app_begin ] --END-- [ RunTime:0.003000s ]
SQL: SHOW COLUMNS FROM `z_slide` [ RunTime:0.0250s ]
SQL: SELECT `id`,`status`,`add_time`,`name`,`remark` FROM `z_slide` LIMIT 0,10   [ RunTime:0.0010s ]
SQL: SELECT COUNT(id) AS tp_count FROM `z_slide` LIMIT 1   [ RunTime:0.0000s ]

[ 2017-12-18T14:45:55+08:00 ] 127.0.0.1 /index.php/Admin/Slide/getSlideData.html?page=1&limit=10
INFO: [ app_begin ] --START--
INFO: Run Behavior\ReadHtmlCacheBehavior [ RunTime:0.002000s ]
INFO: [ app_begin ] --END-- [ RunTime:0.003000s ]
SQL: SHOW COLUMNS FROM `z_slide` [ RunTime:0.0150s ]
SQL: SELECT `id`,`status`,`add_time`,`name`,`remark` FROM `z_slide` LIMIT 0,10   [ RunTime:0.0010s ]
SQL: SELECT COUNT(id) AS tp_count FROM `z_slide` LIMIT 1   [ RunTime:0.0010s ]

[ 2017-12-18T14:49:25+08:00 ] 127.0.0.1 /index.php/Admin/Slide/getSlideData.html?page=1&limit=10
INFO: [ app_begin ] --START--
INFO: Run Behavior\ReadHtmlCacheBehavior [ RunTime:0.001000s ]
INFO: [ app_begin ] --END-- [ RunTime:0.002000s ]
SQL: SHOW COLUMNS FROM `z_slide` [ RunTime:0.0210s ]
SQL: SELECT `id`,`status`,`add_time`,`name`,`remark` FROM `z_slide` LIMIT 0,10   [ RunTime:0.0010s ]
SQL: SELECT COUNT(id) AS tp_count FROM `z_slide` LIMIT 1   [ RunTime:0.0010s ]

[ 2017-12-18T14:52:22+08:00 ] 127.0.0.1 /index.php/Admin/Slide/getSlideData.html?page=1&limit=10
INFO: [ app_begin ] --START--
INFO: Run Behavior\ReadHtmlCacheBehavior [ RunTime:0.001000s ]
INFO: [ app_begin ] --END-- [ RunTime:0.002000s ]
SQL: SHOW COLUMNS FROM `z_slide` [ RunTime:0.0200s ]
SQL: SELECT `id`,`status`,`add_time`,`name`,`remark` FROM `z_slide` LIMIT 0,10   [ RunTime:0.0010s ]
SQL: SELECT COUNT(id) AS tp_count FROM `z_slide` LIMIT 1   [ RunTime:0.0010s ]

[ 2017-12-18T14:53:16+08:00 ] 127.0.0.1 /index.php/Admin/Slide/getSlideData.html?page=1&limit=10
INFO: [ app_begin ] --START--
INFO: Run Behavior\ReadHtmlCacheBehavior [ RunTime:0.002000s ]
INFO: [ app_begin ] --END-- [ RunTime:0.004000s ]
SQL: SHOW COLUMNS FROM `z_slide` [ RunTime:0.0730s ]
SQL: SELECT `id`,`status`,`add_time`,`name`,`remark` FROM `z_slide` LIMIT 0,10   [ RunTime:0.0010s ]
SQL: SELECT COUNT(id) AS tp_count FROM `z_slide` LIMIT 1   [ RunTime:0.0010s ]

[ 2017-12-18T14:54:49+08:00 ] 127.0.0.1 /demo/table/user/?page=1&limit=10
INFO: [ app_begin ] --START--
INFO: Run Behavior\ReadHtmlCacheBehavior [ RunTime:0.002000s ]
INFO: [ app_begin ] --END-- [ RunTime:0.004001s ]
ERR: 无法加载控制器:Demo

[ 2017-12-18T14:56:56+08:00 ] 127.0.0.1 /demo/table/user/?page=1&limit=10
INFO: [ app_begin ] --START--
INFO: Run Behavior\ReadHtmlCacheBehavior [ RunTime:0.002000s ]
INFO: [ app_begin ] --END-- [ RunTime:0.003000s ]
ERR: 无法加载控制器:Demo

[ 2017-12-18T14:56:57+08:00 ] 127.0.0.1 /index.php/Admin/Slide/getSlideData.html?page=1&limit=10
INFO: [ app_begin ] --START--
INFO: Run Behavior\ReadHtmlCacheBehavior [ RunTime:0.002000s ]
INFO: [ app_begin ] --END-- [ RunTime:0.003001s ]
SQL: SHOW COLUMNS FROM `z_slide` [ RunTime:0.0920s ]
SQL: SELECT `id`,`status`,`add_time`,`name`,`remark` FROM `z_slide` LIMIT 0,10   [ RunTime:0.0010s ]
SQL: SELECT COUNT(id) AS tp_count FROM `z_slide` LIMIT 1   [ RunTime:0.0010s ]

[ 2017-12-18T15:06:30+08:00 ] 127.0.0.1 /index.php/Admin/Slide/getSlideData.html?page=1&limit=10
INFO: [ app_begin ] --START--
INFO: Run Behavior\ReadHtmlCacheBehavior [ RunTime:0.001000s ]
INFO: [ app_begin ] --END-- [ RunTime:0.002000s ]
SQL: SHOW COLUMNS FROM `z_slide` [ RunTime:0.0630s ]
SQL: SELECT `id`,`status`,`add_time`,`name`,`remark` FROM `z_slide` LIMIT 0,10   [ RunTime:0.0010s ]
SQL: SELECT COUNT(id) AS tp_count FROM `z_slide` LIMIT 1   [ RunTime:0.0010s ]

[ 2017-12-18T15:06:31+08:00 ] 127.0.0.1 /index.php/Admin/Slide/getSlideData.html?page=1&limit=10
INFO: [ app_begin ] --START--
INFO: Run Behavior\ReadHtmlCacheBehavior [ RunTime:0.001000s ]
INFO: [ app_begin ] --END-- [ RunTime:0.003000s ]
SQL: SHOW COLUMNS FROM `z_slide` [ RunTime:0.0180s ]
SQL: SELECT `id`,`status`,`add_time`,`name`,`remark` FROM `z_slide` LIMIT 0,10   [ RunTime:0.0010s ]
SQL: SELECT COUNT(id) AS tp_count FROM `z_slide` LIMIT 1   [ RunTime:0.0000s ]

[ 2017-12-18T15:07:30+08:00 ] 127.0.0.1 /index.php/Admin/Slide/getSlideData.html?page=1&limit=10
INFO: [ app_begin ] --START--
INFO: Run Behavior\ReadHtmlCacheBehavior [ RunTime:0.003000s ]
INFO: [ app_begin ] --END-- [ RunTime:0.004001s ]
SQL: SHOW COLUMNS FROM `z_slide` [ RunTime:0.0210s ]
SQL: SELECT `id`,`status`,`add_time`,`name`,`remark` FROM `z_slide` LIMIT 0,10   [ RunTime:0.0000s ]
SQL: SELECT COUNT(id) AS tp_count FROM `z_slide` LIMIT 1   [ RunTime:0.0000s ]

[ 2017-12-18T15:07:31+08:00 ] 127.0.0.1 /index.php/Admin/Slide/getSlideData.html?page=1&limit=10
INFO: [ app_begin ] --START--
INFO: Run Behavior\ReadHtmlCacheBehavior [ RunTime:0.002000s ]
INFO: [ app_begin ] --END-- [ RunTime:0.003000s ]
SQL: SHOW COLUMNS FROM `z_slide` [ RunTime:0.0170s ]
SQL: SELECT `id`,`status`,`add_time`,`name`,`remark` FROM `z_slide` LIMIT 0,10   [ RunTime:0.0000s ]
SQL: SELECT COUNT(id) AS tp_count FROM `z_slide` LIMIT 1   [ RunTime:0.0000s ]

[ 2017-12-18T15:08:01+08:00 ] 127.0.0.1 /index.php/Admin/Slide/getSlideData.html?page=1&limit=10
INFO: [ app_begin ] --START--
INFO: Run Behavior\ReadHtmlCacheBehavior [ RunTime:0.001000s ]
INFO: [ app_begin ] --END-- [ RunTime:0.002000s ]
SQL: SHOW COLUMNS FROM `z_slide` [ RunTime:0.0410s ]
SQL: SELECT `id`,`status`,`add_time`,`name`,`remark` FROM `z_slide` LIMIT 0,10   [ RunTime:0.0010s ]
SQL: SELECT COUNT(id) AS tp_count FROM `z_slide` LIMIT 1   [ RunTime:0.0010s ]

[ 2017-12-18T15:08:02+08:00 ] 127.0.0.1 /index.php/Admin/Slide/getSlideData.html?page=1&limit=10
INFO: [ app_begin ] --START--
INFO: Run Behavior\ReadHtmlCacheBehavior [ RunTime:0.002000s ]
INFO: [ app_begin ] --END-- [ RunTime:0.003000s ]
SQL: SHOW COLUMNS FROM `z_slide` [ RunTime:0.0200s ]
SQL: SELECT `id`,`status`,`add_time`,`name`,`remark` FROM `z_slide` LIMIT 0,10   [ RunTime:0.0010s ]
SQL: SELECT COUNT(id) AS tp_count FROM `z_slide` LIMIT 1   [ RunTime:0.0010s ]

[ 2017-12-18T15:08:23+08:00 ] 127.0.0.1 /index.php/Admin/Slide/getSlideData.html?page=1&limit=20
INFO: [ app_begin ] --START--
INFO: Run Behavior\ReadHtmlCacheBehavior [ RunTime:0.002000s ]
INFO: [ app_begin ] --END-- [ RunTime:0.003000s ]
SQL: SHOW COLUMNS FROM `z_slide` [ RunTime:0.0210s ]
SQL: SELECT `id`,`status`,`add_time`,`name`,`remark` FROM `z_slide` LIMIT 0,20   [ RunTime:0.0010s ]
SQL: SELECT COUNT(id) AS tp_count FROM `z_slide` LIMIT 1   [ RunTime:0.0010s ]

[ 2017-12-18T15:08:30+08:00 ] 127.0.0.1 /index.php/Admin/Slide/getSlideData.html?page=1&limit=10
INFO: [ app_begin ] --START--
INFO: Run Behavior\ReadHtmlCacheBehavior [ RunTime:0.001000s ]
INFO: [ app_begin ] --END-- [ RunTime:0.001000s ]
SQL: SHOW COLUMNS FROM `z_slide` [ RunTime:0.0150s ]
SQL: SELECT `id`,`status`,`add_time`,`name`,`remark` FROM `z_slide` LIMIT 0,10   [ RunTime:0.0000s ]
SQL: SELECT COUNT(id) AS tp_count FROM `z_slide` LIMIT 1   [ RunTime:0.0000s ]

[ 2017-12-18T15:08:35+08:00 ] 127.0.0.1 /index.php/Admin/Slide/getSlideData.html?page=2&limit=10
INFO: [ app_begin ] --START--
INFO: Run Behavior\ReadHtmlCacheBehavior [ RunTime:0.001000s ]
INFO: [ app_begin ] --END-- [ RunTime:0.002000s ]
SQL: SHOW COLUMNS FROM `z_slide` [ RunTime:0.0220s ]
SQL: SELECT `id`,`status`,`add_time`,`name`,`remark` FROM `z_slide` LIMIT 10,10   [ RunTime:0.0020s ]
SQL: SELECT COUNT(id) AS tp_count FROM `z_slide` LIMIT 1   [ RunTime:0.0010s ]

[ 2017-12-18T15:10:35+08:00 ] 127.0.0.1 /index.php/Admin/Slide/getSlideData.html?page=1&limit=10
INFO: [ app_begin ] --START--
INFO: Run Behavior\ReadHtmlCacheBehavior [ RunTime:0.002000s ]
INFO: [ app_begin ] --END-- [ RunTime:0.004000s ]
SQL: SHOW COLUMNS FROM `z_slide` [ RunTime:0.0200s ]
SQL: SELECT `id`,`status`,`add_time`,`name`,`remark` FROM `z_slide` LIMIT 0,10   [ RunTime:0.0010s ]
SQL: SELECT COUNT(id) AS tp_count FROM `z_slide` LIMIT 1   [ RunTime:0.0010s ]

[ 2017-12-18T15:10:44+08:00 ] 127.0.0.1 /index.php/Admin/Slide/getSlideData.html?page=2&limit=10
INFO: [ app_begin ] --START--
INFO: Run Behavior\ReadHtmlCacheBehavior [ RunTime:0.001000s ]
INFO: [ app_begin ] --END-- [ RunTime:0.002000s ]
SQL: SHOW COLUMNS FROM `z_slide` [ RunTime:0.0160s ]
SQL: SELECT `id`,`status`,`add_time`,`name`,`remark` FROM `z_slide` LIMIT 10,10   [ RunTime:0.0010s ]
SQL: SELECT COUNT(id) AS tp_count FROM `z_slide` LIMIT 1   [ RunTime:0.0010s ]

[ 2017-12-18T15:11:04+08:00 ] 127.0.0.1 /index.php/Admin/Slide/getSlideData.html?page=1&limit=10
INFO: [ app_begin ] --START--
INFO: Run Behavior\ReadHtmlCacheBehavior [ RunTime:0.002000s ]
INFO: [ app_begin ] --END-- [ RunTime:0.003000s ]
SQL: SHOW COLUMNS FROM `z_slide` [ RunTime:0.0160s ]
SQL: SELECT `id`,`status`,`add_time`,`name`,`remark` FROM `z_slide` LIMIT 0,10   [ RunTime:0.0000s ]
SQL: SELECT COUNT(id) AS tp_count FROM `z_slide` LIMIT 1   [ RunTime:0.0000s ]

[ 2017-12-18T15:11:13+08:00 ] 127.0.0.1 /index.php/Admin/Slide/getSlideData.html?page=1&limit=10
INFO: [ app_begin ] --START--
INFO: Run Behavior\ReadHtmlCacheBehavior [ RunTime:0.001001s ]
INFO: [ app_begin ] --END-- [ RunTime:0.003001s ]
SQL: SHOW COLUMNS FROM `z_slide` [ RunTime:0.0190s ]
SQL: SELECT `id`,`status`,`add_time`,`name`,`remark` FROM `z_slide` LIMIT 0,10   [ RunTime:0.0010s ]
SQL: SELECT COUNT(id) AS tp_count FROM `z_slide` LIMIT 1   [ RunTime:0.0010s ]

[ 2017-12-18T15:11:14+08:00 ] 127.0.0.1 /index.php/Admin/Slide/getSlideData.html?page=1&limit=10
INFO: [ app_begin ] --START--
INFO: Run Behavior\ReadHtmlCacheBehavior [ RunTime:0.002000s ]
INFO: [ app_begin ] --END-- [ RunTime:0.003000s ]
SQL: SHOW COLUMNS FROM `z_slide` [ RunTime:0.0150s ]
SQL: SELECT `id`,`status`,`add_time`,`name`,`remark` FROM `z_slide` LIMIT 0,10   [ RunTime:0.0010s ]
SQL: SELECT COUNT(id) AS tp_count FROM `z_slide` LIMIT 1   [ RunTime:0.0000s ]

[ 2017-12-18T15:17:34+08:00 ] 127.0.0.1 /index.php/Admin/Slide/getSlideData.html?page=1&limit=10
INFO: [ app_begin ] --START--
INFO: Run Behavior\ReadHtmlCacheBehavior [ RunTime:0.001000s ]
INFO: [ app_begin ] --END-- [ RunTime:0.001000s ]
SQL: SHOW COLUMNS FROM `z_slide` [ RunTime:0.0210s ]
SQL: SELECT `id`,`status`,`add_time`,`name`,`remark` FROM `z_slide` LIMIT 0,10   [ RunTime:0.0010s ]
SQL: SELECT COUNT(id) AS tp_count FROM `z_slide` LIMIT 1   [ RunTime:0.0000s ]

[ 2017-12-18T15:24:52+08:00 ] 127.0.0.1 /index.php/Admin/Slide/getSlideData.html?page=1&limit=10
INFO: [ app_begin ] --START--
INFO: Run Behavior\ReadHtmlCacheBehavior [ RunTime:0.001000s ]
INFO: [ app_begin ] --END-- [ RunTime:0.003000s ]
SQL: SHOW COLUMNS FROM `z_slide` [ RunTime:0.0580s ]
SQL: SELECT `id`,`status`,`add_time`,`name`,`remark` FROM `z_slide` LIMIT 0,10   [ RunTime:0.0000s ]
SQL: SELECT COUNT(id) AS tp_count FROM `z_slide` LIMIT 1   [ RunTime:0.0010s ]

[ 2017-12-18T15:24:54+08:00 ] 127.0.0.1 /index.php/Admin/Slide/getSlideData.html?page=1&limit=10
INFO: [ app_begin ] --START--
INFO: Run Behavior\ReadHtmlCacheBehavior [ RunTime:0.001000s ]
INFO: [ app_begin ] --END-- [ RunTime:0.002000s ]
SQL: SHOW COLUMNS FROM `z_slide` [ RunTime:0.0170s ]
SQL: SELECT `id`,`status`,`add_time`,`name`,`remark` FROM `z_slide` LIMIT 0,10   [ RunTime:0.0000s ]
SQL: SELECT COUNT(id) AS tp_count FROM `z_slide` LIMIT 1   [ RunTime:0.0010s ]

[ 2017-12-18T15:25:29+08:00 ] 127.0.0.1 /index.php/Admin/Slide/getSlideData.html?page=1&limit=10
INFO: [ app_begin ] --START--
INFO: Run Behavior\ReadHtmlCacheBehavior [ RunTime:0.002000s ]
INFO: [ app_begin ] --END-- [ RunTime:0.003000s ]
SQL: SHOW COLUMNS FROM `z_slide` [ RunTime:0.0230s ]
SQL: SELECT `id`,`status`,`add_time`,`name`,`remark` FROM `z_slide` LIMIT 0,10   [ RunTime:0.0010s ]
SQL: SELECT COUNT(id) AS tp_count FROM `z_slide` LIMIT 1   [ RunTime:0.0010s ]

[ 2017-12-18T15:25:30+08:00 ] 127.0.0.1 /index.php/Admin/Slide/getSlideData.html?page=1&limit=10
INFO: [ app_begin ] --START--
INFO: Run Behavior\ReadHtmlCacheBehavior [ RunTime:0.001000s ]
INFO: [ app_begin ] --END-- [ RunTime:0.003000s ]
SQL: SHOW COLUMNS FROM `z_slide` [ RunTime:0.0170s ]
SQL: SELECT `id`,`status`,`add_time`,`name`,`remark` FROM `z_slide` LIMIT 0,10   [ RunTime:0.0010s ]
SQL: SELECT COUNT(id) AS tp_count FROM `z_slide` LIMIT 1   [ RunTime:0.0000s ]

[ 2017-12-18T15:27:44+08:00 ] 127.0.0.1 /index.php/Admin/Slide/getSlideData.html?page=1&limit=10
INFO: [ app_begin ] --START--
INFO: Run Behavior\ReadHtmlCacheBehavior [ RunTime:0.002000s ]
INFO: [ app_begin ] --END-- [ RunTime:0.003000s ]
SQL: SHOW COLUMNS FROM `z_slide` [ RunTime:0.0230s ]
SQL: SELECT `id`,`status`,`add_time`,`name`,`remark` FROM `z_slide` LIMIT 0,10   [ RunTime:0.0010s ]
SQL: SELECT COUNT(id) AS tp_count FROM `z_slide` LIMIT 1   [ RunTime:0.0010s ]

[ 2017-12-18T15:27:45+08:00 ] 127.0.0.1 /index.php/Admin/Slide/getSlideData.html?page=1&limit=10
INFO: [ app_begin ] --START--
INFO: Run Behavior\ReadHtmlCacheBehavior [ RunTime:0.002000s ]
INFO: [ app_begin ] --END-- [ RunTime:0.003000s ]
SQL: SHOW COLUMNS FROM `z_slide` [ RunTime:0.0210s ]
SQL: SELECT `id`,`status`,`add_time`,`name`,`remark` FROM `z_slide` LIMIT 0,10   [ RunTime:0.0010s ]
SQL: SELECT COUNT(id) AS tp_count FROM `z_slide` LIMIT 1   [ RunTime:0.0000s ]

[ 2017-12-18T15:35:24+08:00 ] 127.0.0.1 /index.php/Admin/Slide/getSlideData.html?page=1&limit=10
INFO: [ app_begin ] --START--
INFO: Run Behavior\ReadHtmlCacheBehavior [ RunTime:0.004000s ]
INFO: [ app_begin ] --END-- [ RunTime:0.006001s ]
SQL: SHOW COLUMNS FROM `z_slide` [ RunTime:0.0210s ]
SQL: SELECT `id`,`status`,`add_time`,`name`,`remark` FROM `z_slide` LIMIT 0,10   [ RunTime:0.0020s ]
SQL: SELECT COUNT(id) AS tp_count FROM `z_slide` LIMIT 1   [ RunTime:0.0010s ]

[ 2017-12-18T15:35:26+08:00 ] 127.0.0.1 /index.php/Admin/Slide/getSlideData.html?page=1&limit=10
INFO: [ app_begin ] --START--
INFO: Run Behavior\ReadHtmlCacheBehavior [ RunTime:0.003001s ]
INFO: [ app_begin ] --END-- [ RunTime:0.004001s ]
SQL: SHOW COLUMNS FROM `z_slide` [ RunTime:0.0170s ]
SQL: SELECT `id`,`status`,`add_time`,`name`,`remark` FROM `z_slide` LIMIT 0,10   [ RunTime:0.0010s ]
SQL: SELECT COUNT(id) AS tp_count FROM `z_slide` LIMIT 1   [ RunTime:0.0000s ]

[ 2017-12-18T15:35:57+08:00 ] 127.0.0.1 /index.php/Admin/Slide/getSlideData.html?page=1&limit=10
INFO: [ app_begin ] --START--
INFO: Run Behavior\ReadHtmlCacheBehavior [ RunTime:0.003000s ]
INFO: [ app_begin ] --END-- [ RunTime:0.005001s ]
SQL: SHOW COLUMNS FROM `z_slide` [ RunTime:0.0230s ]
SQL: SELECT `id`,`status`,`add_time`,`name`,`remark` FROM `z_slide` LIMIT 0,10   [ RunTime:0.0000s ]
SQL: SELECT COUNT(id) AS tp_count FROM `z_slide` LIMIT 1   [ RunTime:0.0000s ]

[ 2017-12-18T15:35:59+08:00 ] 127.0.0.1 /index.php/Admin/Slide/getSlideData.html?page=1&limit=10
INFO: [ app_begin ] --START--
INFO: Run Behavior\ReadHtmlCacheBehavior [ RunTime:0.003000s ]
INFO: [ app_begin ] --END-- [ RunTime:0.005000s ]
SQL: SHOW COLUMNS FROM `z_slide` [ RunTime:0.0190s ]
SQL: SELECT `id`,`status`,`add_time`,`name`,`remark` FROM `z_slide` LIMIT 0,10   [ RunTime:0.0010s ]
SQL: SELECT COUNT(id) AS tp_count FROM `z_slide` LIMIT 1   [ RunTime:0.0010s ]

[ 2017-12-18T15:40:43+08:00 ] 127.0.0.1 /index.php/Admin/Slide/getSlideData.html?page=1&limit=10
INFO: [ app_begin ] --START--
INFO: Run Behavior\ReadHtmlCacheBehavior [ RunTime:0.001000s ]
INFO: [ app_begin ] --END-- [ RunTime:0.003000s ]
SQL: SHOW COLUMNS FROM `z_slide` [ RunTime:0.0160s ]
SQL: SELECT `id`,`status`,`add_time`,`name`,`remark` FROM `z_slide` LIMIT 0,10   [ RunTime:0.0010s ]
SQL: SELECT COUNT(id) AS tp_count FROM `z_slide` LIMIT 1   [ RunTime:0.0000s ]

[ 2017-12-18T15:40:44+08:00 ] 127.0.0.1 /index.php/Admin/Slide/getSlideData.html?page=1&limit=10
INFO: [ app_begin ] --START--
INFO: Run Behavior\ReadHtmlCacheBehavior [ RunTime:0.002000s ]
INFO: [ app_begin ] --END-- [ RunTime:0.002000s ]
SQL: SHOW COLUMNS FROM `z_slide` [ RunTime:0.0150s ]
SQL: SELECT `id`,`status`,`add_time`,`name`,`remark` FROM `z_slide` LIMIT 0,10   [ RunTime:0.0000s ]
SQL: SELECT COUNT(id) AS tp_count FROM `z_slide` LIMIT 1   [ RunTime:0.0000s ]

[ 2017-12-18T15:44:04+08:00 ] 127.0.0.1 /index.php/Admin/Slide/getSlideData.html?page=1&limit=10
INFO: [ app_begin ] --START--
INFO: Run Behavior\ReadHtmlCacheBehavior [ RunTime:0.002000s ]
INFO: [ app_begin ] --END-- [ RunTime:0.003000s ]
SQL: SHOW COLUMNS FROM `z_slide` [ RunTime:0.0220s ]
SQL: SELECT `id`,`status`,`add_time`,`name`,`remark` FROM `z_slide` LIMIT 0,10   [ RunTime:0.0010s ]
SQL: SELECT COUNT(id) AS tp_count FROM `z_slide` LIMIT 1   [ RunTime:0.0010s ]

[ 2017-12-18T15:45:45+08:00 ] 127.0.0.1 /index.php/Admin/Slide/getSlideData.html?page=2&limit=10
INFO: [ app_begin ] --START--
INFO: Run Behavior\ReadHtmlCacheBehavior [ RunTime:0.002000s ]
INFO: [ app_begin ] --END-- [ RunTime:0.003000s ]
SQL: SHOW COLUMNS FROM `z_slide` [ RunTime:0.0210s ]
SQL: SELECT `id`,`status`,`add_time`,`name`,`remark` FROM `z_slide` LIMIT 10,10   [ RunTime:0.0010s ]
SQL: SELECT COUNT(id) AS tp_count FROM `z_slide` LIMIT 1   [ RunTime:0.0010s ]

[ 2017-12-18T15:45:53+08:00 ] 127.0.0.1 /index.php/Admin/Slide/getSlideData.html?page=1&limit=20
INFO: [ app_begin ] --START--
INFO: Run Behavior\ReadHtmlCacheBehavior [ RunTime:0.003000s ]
INFO: [ app_begin ] --END-- [ RunTime:0.005000s ]
SQL: SHOW COLUMNS FROM `z_slide` [ RunTime:0.0170s ]
SQL: SELECT `id`,`status`,`add_time`,`name`,`remark` FROM `z_slide` LIMIT 0,20   [ RunTime:0.0010s ]
SQL: SELECT COUNT(id) AS tp_count FROM `z_slide` LIMIT 1   [ RunTime:0.0010s ]

[ 2017-12-18T15:46:36+08:00 ] 127.0.0.1 /index.php/Admin/Slide/getSlideData.html?page=1&limit=10
INFO: [ app_begin ] --START--
INFO: Run Behavior\ReadHtmlCacheBehavior [ RunTime:0.003000s ]
INFO: [ app_begin ] --END-- [ RunTime:0.008001s ]
SQL: SHOW COLUMNS FROM `z_slide` [ RunTime:0.0210s ]
SQL: SELECT `id`,`status`,`add_time`,`name`,`remark` FROM `z_slide` LIMIT 0,10   [ RunTime:0.0010s ]
SQL: SELECT COUNT(id) AS tp_count FROM `z_slide` LIMIT 1   [ RunTime:0.0010s ]

[ 2017-12-18T15:53:59+08:00 ] 127.0.0.1 /index.php/Admin/Slide/getSlideData.html?page=1&limit=10
INFO: [ app_begin ] --START--
INFO: Run Behavior\ReadHtmlCacheBehavior [ RunTime:0.003000s ]
INFO: [ app_begin ] --END-- [ RunTime:0.005000s ]
SQL: SHOW COLUMNS FROM `z_slide` [ RunTime:0.0170s ]
SQL: SELECT `id`,`status`,`add_time`,`name`,`remark` FROM `z_slide` LIMIT 0,10   [ RunTime:0.0010s ]
SQL: SELECT COUNT(id) AS tp_count FROM `z_slide` LIMIT 1   [ RunTime:0.0000s ]

[ 2017-12-18T15:54:50+08:00 ] 127.0.0.1 /index.php/Admin/Slide/getSlideData.html?page=1&limit=10
INFO: [ app_begin ] --START--
INFO: Run Behavior\ReadHtmlCacheBehavior [ RunTime:0.003000s ]
INFO: [ app_begin ] --END-- [ RunTime:0.006000s ]
SQL: SHOW COLUMNS FROM `z_slide` [ RunTime:0.0220s ]
SQL: SELECT `id`,`status`,`add_time`,`name`,`remark` FROM `z_slide` LIMIT 0,10   [ RunTime:0.0010s ]
SQL: SELECT COUNT(id) AS tp_count FROM `z_slide` LIMIT 1   [ RunTime:0.0000s ]

[ 2017-12-18T15:55:49+08:00 ] 127.0.0.1 /index.php/Admin/Slide/getSlideData.html?page=1&limit=10
INFO: [ app_begin ] --START--
INFO: Run Behavior\ReadHtmlCacheBehavior [ RunTime:0.004000s ]
INFO: [ app_begin ] --END-- [ RunTime:0.005000s ]
SQL: SHOW COLUMNS FROM `z_slide` [ RunTime:0.0200s ]
SQL: SELECT `id`,`status`,`add_time`,`name`,`remark` FROM `z_slide` LIMIT 0,10   [ RunTime:0.0010s ]
SQL: SELECT COUNT(id) AS tp_count FROM `z_slide` LIMIT 1   [ RunTime:0.0000s ]

[ 2017-12-18T15:56:35+08:00 ] 127.0.0.1 /index.php/Admin/Slide/getSlideData.html?page=2&limit=10
INFO: [ app_begin ] --START--
INFO: Run Behavior\ReadHtmlCacheBehavior [ RunTime:0.002001s ]
INFO: [ app_begin ] --END-- [ RunTime:0.003001s ]
SQL: SHOW COLUMNS FROM `z_slide` [ RunTime:0.0210s ]
SQL: SELECT `id`,`status`,`add_time`,`name`,`remark` FROM `z_slide` LIMIT 10,10   [ RunTime:0.0000s ]
SQL: SELECT COUNT(id) AS tp_count FROM `z_slide` LIMIT 1   [ RunTime:0.0000s ]

[ 2017-12-18T15:56:50+08:00 ] 127.0.0.1 /index.php/Admin/Slide/getSlideData.html?page=1&limit=10
INFO: [ app_begin ] --START--
INFO: Run Behavior\ReadHtmlCacheBehavior [ RunTime:0.002000s ]
INFO: [ app_begin ] --END-- [ RunTime:0.003000s ]
SQL: SHOW COLUMNS FROM `z_slide` [ RunTime:0.0190s ]
SQL: SELECT `id`,`status`,`add_time`,`name`,`remark` FROM `z_slide` LIMIT 0,10   [ RunTime:0.0010s ]
SQL: SELECT COUNT(id) AS tp_count FROM `z_slide` LIMIT 1   [ RunTime:0.0010s ]

[ 2017-12-18T16:12:24+08:00 ] 127.0.0.1 /index.php/Admin/Slide/getSlideData.html?page=1&limit=10
INFO: [ app_begin ] --START--
INFO: Run Behavior\ReadHtmlCacheBehavior [ RunTime:0.004000s ]
INFO: [ app_begin ] --END-- [ RunTime:0.006000s ]
SQL: SHOW COLUMNS FROM `z_slide` [ RunTime:0.0190s ]
SQL: SELECT `id`,`status`,`add_time`,`name`,`remark` FROM `z_slide` LIMIT 0,10   [ RunTime:0.0010s ]
SQL: SELECT COUNT(id) AS tp_count FROM `z_slide` LIMIT 1   [ RunTime:0.0000s ]

[ 2017-12-18T16:13:37+08:00 ] 127.0.0.1 /index.php/Admin/Slide/getSlideData.html?page=1&limit=10
INFO: [ app_begin ] --START--
INFO: Run Behavior\ReadHtmlCacheBehavior [ RunTime:0.003000s ]
INFO: [ app_begin ] --END-- [ RunTime:0.005000s ]
SQL: SHOW COLUMNS FROM `z_slide` [ RunTime:0.0490s ]
SQL: SELECT `id`,`status`,`add_time`,`name`,`remark` FROM `z_slide` LIMIT 0,10   [ RunTime:0.0010s ]
SQL: SELECT COUNT(id) AS tp_count FROM `z_slide` LIMIT 1   [ RunTime:0.0000s ]

[ 2017-12-18T16:15:47+08:00 ] 127.0.0.1 /index.php/Admin/Slide/getSlideData.html?page=1&limit=10
INFO: [ app_begin ] --START--
INFO: Run Behavior\ReadHtmlCacheBehavior [ RunTime:0.004000s ]
INFO: [ app_begin ] --END-- [ RunTime:0.005000s ]
SQL: SHOW COLUMNS FROM `z_slide` [ RunTime:0.0360s ]
SQL: SELECT `id`,`status`,`add_time`,`name`,`remark` FROM `z_slide` LIMIT 0,10   [ RunTime:0.0010s ]
SQL: SELECT COUNT(id) AS tp_count FROM `z_slide` LIMIT 1   [ RunTime:0.0010s ]

[ 2017-12-18T16:26:53+08:00 ] 127.0.0.1 /index.php/Admin/Slide/getSlideData.html?page=1&limit=10
INFO: [ app_begin ] --START--
INFO: Run Behavior\ReadHtmlCacheBehavior [ RunTime:0.003001s ]
INFO: [ app_begin ] --END-- [ RunTime:0.005001s ]
SQL: SHOW COLUMNS FROM `z_slide` [ RunTime:0.0890s ]
SQL: SELECT `id`,`status`,`add_time`,`name`,`remark` FROM `z_slide` LIMIT 0,10   [ RunTime:0.0010s ]
SQL: SELECT COUNT(id) AS tp_count FROM `z_slide` LIMIT 1   [ RunTime:0.0010s ]

[ 2017-12-18T16:28:12+08:00 ] 127.0.0.1 /index.php/Admin/Slide/getSlideData.html?page=1&limit=10
INFO: [ app_begin ] --START--
INFO: Run Behavior\ReadHtmlCacheBehavior [ RunTime:0.002000s ]
INFO: [ app_begin ] --END-- [ RunTime:0.004000s ]
SQL: SHOW COLUMNS FROM `z_slide` [ RunTime:0.0270s ]
SQL: SELECT `id`,`status`,`add_time`,`name`,`remark` FROM `z_slide` LIMIT 0,10   [ RunTime:0.0010s ]
SQL: SELECT COUNT(id) AS tp_count FROM `z_slide` LIMIT 1   [ RunTime:0.0010s ]

[ 2017-12-18T16:28:37+08:00 ] 127.0.0.1 /index.php/Admin/Slide/getSlideData.html?page=1&limit=10
INFO: [ app_begin ] --START--
INFO: Run Behavior\ReadHtmlCacheBehavior [ RunTime:0.002000s ]
INFO: [ app_begin ] --END-- [ RunTime:0.003000s ]
SQL: SHOW COLUMNS FROM `z_slide` [ RunTime:0.0230s ]
SQL: SELECT `id`,`status`,`add_time`,`name`,`remark` FROM `z_slide` LIMIT 0,10   [ RunTime:0.0010s ]
SQL: SELECT COUNT(id) AS tp_count FROM `z_slide` LIMIT 1   [ RunTime:0.0010s ]

[ 2017-12-18T16:28:49+08:00 ] 127.0.0.1 /index.php/Admin/Slide/getSlideData.html?page=1&limit=10
INFO: [ app_begin ] --START--
INFO: Run Behavior\ReadHtmlCacheBehavior [ RunTime:0.004000s ]
INFO: [ app_begin ] --END-- [ RunTime:0.005000s ]
SQL: SHOW COLUMNS FROM `z_slide` [ RunTime:0.0260s ]
SQL: SELECT `id`,`status`,`add_time`,`name`,`remark` FROM `z_slide` LIMIT 0,10   [ RunTime:0.0940s ]
SQL: SELECT COUNT(id) AS tp_count FROM `z_slide` LIMIT 1   [ RunTime:0.0010s ]

[ 2017-12-18T16:29:23+08:00 ] 127.0.0.1 /index.php/Admin/Slide/getSlideData.html?page=1&limit=10
INFO: [ app_begin ] --START--
INFO: Run Behavior\ReadHtmlCacheBehavior [ RunTime:0.003000s ]
INFO: [ app_begin ] --END-- [ RunTime:0.005000s ]
SQL: SHOW COLUMNS FROM `z_slide` [ RunTime:0.0540s ]
SQL: SELECT `id`,`status`,`add_time`,`name`,`remark` FROM `z_slide` LIMIT 0,10   [ RunTime:0.0010s ]
SQL: SELECT COUNT(id) AS tp_count FROM `z_slide` LIMIT 1   [ RunTime:0.0010s ]

[ 2017-12-18T16:29:29+08:00 ] 127.0.0.1 /index.php/Admin/Slide/getSlideData.html?page=2&limit=10
INFO: [ app_begin ] --START--
INFO: Run Behavior\ReadHtmlCacheBehavior [ RunTime:0.002000s ]
INFO: [ app_begin ] --END-- [ RunTime:0.004000s ]
SQL: SHOW COLUMNS FROM `z_slide` [ RunTime:0.0200s ]
SQL: SELECT `id`,`status`,`add_time`,`name`,`remark` FROM `z_slide` LIMIT 10,10   [ RunTime:0.0010s ]
SQL: SELECT COUNT(id) AS tp_count FROM `z_slide` LIMIT 1   [ RunTime:0.0010s ]

[ 2017-12-18T16:30:13+08:00 ] 127.0.0.1 /index.php/Admin/Slide/getSlideData.html?page=1&limit=10
INFO: [ app_begin ] --START--
INFO: Run Behavior\ReadHtmlCacheBehavior [ RunTime:0.002000s ]
INFO: [ app_begin ] --END-- [ RunTime:0.004001s ]
SQL: SHOW COLUMNS FROM `z_slide` [ RunTime:0.0200s ]
SQL: SELECT `id`,`status`,`add_time`,`name`,`remark` FROM `z_slide` LIMIT 0,10   [ RunTime:0.0010s ]
SQL: SELECT COUNT(id) AS tp_count FROM `z_slide` LIMIT 1   [ RunTime:0.0000s ]

[ 2017-12-18T16:31:47+08:00 ] 127.0.0.1 /index.php/Admin/Slide/getSlideData.html?page=1&limit=10
INFO: [ app_begin ] --START--
INFO: Run Behavior\ReadHtmlCacheBehavior [ RunTime:0.000000s ]
INFO: [ app_begin ] --END-- [ RunTime:0.002000s ]
SQL: SHOW COLUMNS FROM `z_slide` [ RunTime:0.0280s ]
SQL: SELECT `id`,`status`,`add_time`,`name`,`remark` FROM `z_slide` LIMIT 0,10   [ RunTime:0.0030s ]
SQL: SELECT COUNT(id) AS tp_count FROM `z_slide` LIMIT 1   [ RunTime:0.0000s ]

[ 2017-12-18T16:32:14+08:00 ] 127.0.0.1 /index.php/Admin/Slide/getSlideData.html?page=1&limit=10
INFO: [ app_begin ] --START--
INFO: Run Behavior\ReadHtmlCacheBehavior [ RunTime:0.001000s ]
INFO: [ app_begin ] --END-- [ RunTime:0.002000s ]
SQL: SHOW COLUMNS FROM `z_slide` [ RunTime:0.0190s ]
SQL: SELECT `id`,`status`,`add_time`,`name`,`remark` FROM `z_slide` LIMIT 0,10   [ RunTime:0.0010s ]
SQL: SELECT COUNT(id) AS tp_count FROM `z_slide` LIMIT 1   [ RunTime:0.0010s ]

[ 2017-12-18T16:32:19+08:00 ] 127.0.0.1 /index.php/Admin/Slide/getSlideData.html?page=1&limit=10
INFO: [ app_begin ] --START--
INFO: Run Behavior\ReadHtmlCacheBehavior [ RunTime:0.001000s ]
INFO: [ app_begin ] --END-- [ RunTime:0.002000s ]
SQL: SHOW COLUMNS FROM `z_slide` [ RunTime:0.0170s ]
SQL: SELECT `id`,`status`,`add_time`,`name`,`remark` FROM `z_slide` LIMIT 0,10   [ RunTime:0.0010s ]
SQL: SELECT COUNT(id) AS tp_count FROM `z_slide` LIMIT 1   [ RunTime:0.0010s ]

[ 2017-12-18T16:32:26+08:00 ] 127.0.0.1 /index.php/Admin/Slide/getSlideData.html?page=1&limit=10
INFO: [ app_begin ] --START--
INFO: Run Behavior\ReadHtmlCacheBehavior [ RunTime:0.001000s ]
INFO: [ app_begin ] --END-- [ RunTime:0.002001s ]
SQL: SHOW COLUMNS FROM `z_slide` [ RunTime:0.0220s ]
SQL: SELECT `id`,`status`,`add_time`,`name`,`remark` FROM `z_slide` LIMIT 0,10   [ RunTime:0.0000s ]
SQL: SELECT COUNT(id) AS tp_count FROM `z_slide` LIMIT 1   [ RunTime:0.0000s ]

[ 2017-12-18T16:32:50+08:00 ] 127.0.0.1 /index.php/Admin/Slide/getSlideData.html?page=1&limit=10
INFO: [ app_begin ] --START--
INFO: Run Behavior\ReadHtmlCacheBehavior [ RunTime:0.002000s ]
INFO: [ app_begin ] --END-- [ RunTime:0.003000s ]
SQL: SHOW COLUMNS FROM `z_slide` [ RunTime:0.0330s ]
SQL: SELECT `id`,`status`,`add_time`,`name`,`remark` FROM `z_slide` LIMIT 0,10   [ RunTime:0.0030s ]
SQL: SELECT COUNT(id) AS tp_count FROM `z_slide` LIMIT 1   [ RunTime:0.0020s ]

[ 2017-12-18T16:36:05+08:00 ] 127.0.0.1 /index.php/Admin/Slide/getSlideData.html?page=1&limit=10
INFO: [ app_begin ] --START--
INFO: Run Behavior\ReadHtmlCacheBehavior [ RunTime:0.001000s ]
INFO: [ app_begin ] --END-- [ RunTime:0.004000s ]
SQL: SHOW COLUMNS FROM `z_slide` [ RunTime:0.0170s ]
SQL: SELECT `id`,`status`,`add_time`,`name`,`remark` FROM `z_slide` LIMIT 0,10   [ RunTime:0.0010s ]
SQL: SELECT COUNT(id) AS tp_count FROM `z_slide` LIMIT 1   [ RunTime:0.0010s ]

[ 2017-12-18T16:37:33+08:00 ] 127.0.0.1 /index.php/Admin/Slide/getSlideData.html?page=1&limit=10
INFO: [ app_begin ] --START--
INFO: Run Behavior\ReadHtmlCacheBehavior [ RunTime:0.002000s ]
INFO: [ app_begin ] --END-- [ RunTime:0.004000s ]
SQL: SHOW COLUMNS FROM `z_slide` [ RunTime:0.0210s ]
SQL: SELECT `id`,`status`,`add_time`,`name`,`remark` FROM `z_slide` LIMIT 0,10   [ RunTime:0.0010s ]
SQL: SELECT COUNT(id) AS tp_count FROM `z_slide` LIMIT 1   [ RunTime:0.0010s ]

[ 2017-12-18T16:37:37+08:00 ] 127.0.0.1 /index.php/Admin/Slide/getSlideData.html?page=2&limit=10
INFO: [ app_begin ] --START--
INFO: Run Behavior\ReadHtmlCacheBehavior [ RunTime:0.001000s ]
INFO: [ app_begin ] --END-- [ RunTime:0.002000s ]
SQL: SHOW COLUMNS FROM `z_slide` [ RunTime:0.0710s ]
SQL: SELECT `id`,`status`,`add_time`,`name`,`remark` FROM `z_slide` LIMIT 10,10   [ RunTime:0.0010s ]
SQL: SELECT COUNT(id) AS tp_count FROM `z_slide` LIMIT 1   [ RunTime:0.0000s ]

[ 2017-12-18T16:37:57+08:00 ] 127.0.0.1 /index.php/Admin/Slide/getSlideData.html?page=1&limit=10
INFO: [ app_begin ] --START--
INFO: Run Behavior\ReadHtmlCacheBehavior [ RunTime:0.002000s ]
INFO: [ app_begin ] --END-- [ RunTime:0.003000s ]
SQL: SHOW COLUMNS FROM `z_slide` [ RunTime:0.0160s ]
SQL: SELECT `id`,`status`,`add_time`,`name`,`remark` FROM `z_slide` LIMIT 0,10   [ RunTime:0.0010s ]
SQL: SELECT COUNT(id) AS tp_count FROM `z_slide` LIMIT 1   [ RunTime:0.0010s ]

[ 2017-12-18T16:38:58+08:00 ] 127.0.0.1 /index.php/Admin/Slide/getSlideData.html?page=1&limit=10
INFO: [ app_begin ] --START--
INFO: Run Behavior\ReadHtmlCacheBehavior [ RunTime:0.001000s ]
INFO: [ app_begin ] --END-- [ RunTime:0.002000s ]
SQL: SHOW COLUMNS FROM `z_slide` [ RunTime:0.0210s ]
SQL: SELECT `id`,`status`,`add_time`,`name`,`remark` FROM `z_slide` LIMIT 0,10   [ RunTime:0.0010s ]
SQL: SELECT COUNT(id) AS tp_count FROM `z_slide` LIMIT 1   [ RunTime:0.0000s ]

[ 2017-12-18T16:39:59+08:00 ] 127.0.0.1 /index.php/Admin/Slide/getSlideData.html?page=1&limit=10
INFO: [ app_begin ] --START--
INFO: Run Behavior\ReadHtmlCacheBehavior [ RunTime:0.003000s ]
INFO: [ app_begin ] --END-- [ RunTime:0.004000s ]
SQL: SHOW COLUMNS FROM `z_slide` [ RunTime:0.0200s ]
SQL: SELECT `id`,`status`,`add_time`,`name`,`remark` FROM `z_slide` LIMIT 0,10   [ RunTime:0.0000s ]
SQL: SELECT COUNT(id) AS tp_count FROM `z_slide` LIMIT 1   [ RunTime:0.0000s ]

[ 2017-12-18T16:42:21+08:00 ] 127.0.0.1 /index.php/Admin/Slide/getSlideData.html?page=1&limit=10
INFO: [ app_begin ] --START--
INFO: Run Behavior\ReadHtmlCacheBehavior [ RunTime:0.003000s ]
INFO: [ app_begin ] --END-- [ RunTime:0.005000s ]
SQL: SHOW COLUMNS FROM `z_slide` [ RunTime:0.0170s ]
SQL: SELECT `id`,`status`,`add_time`,`name`,`remark` FROM `z_slide` LIMIT 0,10   [ RunTime:0.0010s ]
SQL: SELECT COUNT(id) AS tp_count FROM `z_slide` LIMIT 1   [ RunTime:0.0000s ]

[ 2017-12-18T16:44:35+08:00 ] 127.0.0.1 /index.php/Admin/Slide/getSlideData.html?page=1&limit=10
INFO: [ app_begin ] --START--
INFO: Run Behavior\ReadHtmlCacheBehavior [ RunTime:0.002000s ]
INFO: [ app_begin ] --END-- [ RunTime:0.003000s ]
SQL: SHOW COLUMNS FROM `z_slide` [ RunTime:0.0180s ]
SQL: SELECT `id`,`status`,`add_time`,`name`,`remark` FROM `z_slide` LIMIT 0,10   [ RunTime:0.0010s ]
SQL: SELECT COUNT(id) AS tp_count FROM `z_slide` LIMIT 1   [ RunTime:0.0010s ]

[ 2017-12-18T16:44:53+08:00 ] 127.0.0.1 /index.php/Admin/Slide/getSlideData.html?page=1&limit=10
INFO: [ app_begin ] --START--
INFO: Run Behavior\ReadHtmlCacheBehavior [ RunTime:0.003000s ]
INFO: [ app_begin ] --END-- [ RunTime:0.005000s ]
SQL: SHOW COLUMNS FROM `z_slide` [ RunTime:0.0200s ]
SQL: SELECT `id`,`status`,`add_time`,`name`,`remark` FROM `z_slide` LIMIT 0,10   [ RunTime:0.0010s ]
SQL: SELECT COUNT(id) AS tp_count FROM `z_slide` LIMIT 1   [ RunTime:0.0020s ]

[ 2017-12-18T16:45:18+08:00 ] 127.0.0.1 /index.php/Admin/Slide/getSlideData.html?page=1&limit=10
INFO: [ app_begin ] --START--
INFO: Run Behavior\ReadHtmlCacheBehavior [ RunTime:0.004000s ]
INFO: [ app_begin ] --END-- [ RunTime:0.005000s ]
SQL: SHOW COLUMNS FROM `z_slide` [ RunTime:0.0410s ]
SQL: SELECT `id`,`status`,`add_time`,`name`,`remark` FROM `z_slide` LIMIT 0,10   [ RunTime:0.0000s ]
SQL: SELECT COUNT(id) AS tp_count FROM `z_slide` LIMIT 1   [ RunTime:0.0010s ]

[ 2017-12-18T16:45:45+08:00 ] 127.0.0.1 /index.php/Admin/Slide/getSlideData.html?page=1&limit=10
INFO: [ app_begin ] --START--
INFO: Run Behavior\ReadHtmlCacheBehavior [ RunTime:0.004000s ]
INFO: [ app_begin ] --END-- [ RunTime:0.005001s ]
SQL: SHOW COLUMNS FROM `z_slide` [ RunTime:0.0340s ]
SQL: SELECT `id`,`status`,`add_time`,`name`,`remark` FROM `z_slide` LIMIT 0,10   [ RunTime:0.0010s ]
SQL: SELECT COUNT(id) AS tp_count FROM `z_slide` LIMIT 1   [ RunTime:0.0010s ]

[ 2017-12-18T16:46:13+08:00 ] 127.0.0.1 /index.php/Admin/Slide/getSlideData.html?page=1&limit=10
INFO: [ app_begin ] --START--
INFO: Run Behavior\ReadHtmlCacheBehavior [ RunTime:0.004001s ]
INFO: [ app_begin ] --END-- [ RunTime:0.006001s ]
SQL: SHOW COLUMNS FROM `z_slide` [ RunTime:0.0320s ]
SQL: SELECT `id`,`status`,`add_time`,`name`,`remark` FROM `z_slide` LIMIT 0,10   [ RunTime:0.0010s ]
SQL: SELECT COUNT(id) AS tp_count FROM `z_slide` LIMIT 1   [ RunTime:0.0010s ]

[ 2017-12-18T16:48:53+08:00 ] 127.0.0.1 /index.php/Admin/Slide/getSlideData.html?page=1&limit=10
INFO: [ app_begin ] --START--
INFO: Run Behavior\ReadHtmlCacheBehavior [ RunTime:0.004000s ]
INFO: [ app_begin ] --END-- [ RunTime:0.005000s ]
SQL: SHOW COLUMNS FROM `z_slide` [ RunTime:0.0190s ]
SQL: SELECT `id`,`status`,`add_time`,`name`,`remark` FROM `z_slide` LIMIT 0,10   [ RunTime:0.0000s ]
SQL: SELECT COUNT(id) AS tp_count FROM `z_slide` LIMIT 1   [ RunTime:0.0000s ]

[ 2017-12-18T16:49:22+08:00 ] 127.0.0.1 /index.php/Admin/Slide/getSlideData.html?page=1&limit=10
INFO: [ app_begin ] --START--
INFO: Run Behavior\ReadHtmlCacheBehavior [ RunTime:0.003000s ]
INFO: [ app_begin ] --END-- [ RunTime:0.006000s ]
SQL: SHOW COLUMNS FROM `z_slide` [ RunTime:0.2340s ]
SQL: SELECT `id`,`status`,`add_time`,`name`,`remark` FROM `z_slide` LIMIT 0,10   [ RunTime:0.0010s ]
SQL: SELECT COUNT(id) AS tp_count FROM `z_slide` LIMIT 1   [ RunTime:0.0010s ]

[ 2017-12-18T16:51:30+08:00 ] 127.0.0.1 /index.php/Admin/Slide/getSlideData.html?page=2&limit=10
INFO: [ app_begin ] --START--
INFO: Run Behavior\ReadHtmlCacheBehavior [ RunTime:0.002000s ]
INFO: [ app_begin ] --END-- [ RunTime:0.003000s ]
SQL: SHOW COLUMNS FROM `z_slide` [ RunTime:0.0180s ]
SQL: SELECT `id`,`status`,`add_time`,`name`,`remark` FROM `z_slide` LIMIT 10,10   [ RunTime:0.0010s ]
SQL: SELECT COUNT(id) AS tp_count FROM `z_slide` LIMIT 1   [ RunTime:0.0010s ]

[ 2017-12-18T16:51:33+08:00 ] 127.0.0.1 /index.php/Admin/Slide/getSlideData.html?page=1&limit=10
INFO: [ app_begin ] --START--
INFO: Run Behavior\ReadHtmlCacheBehavior [ RunTime:0.004000s ]
INFO: [ app_begin ] --END-- [ RunTime:0.006000s ]
SQL: SHOW COLUMNS FROM `z_slide` [ RunTime:0.0260s ]
SQL: SELECT `id`,`status`,`add_time`,`name`,`remark` FROM `z_slide` LIMIT 0,10   [ RunTime:0.0010s ]
SQL: SELECT COUNT(id) AS tp_count FROM `z_slide` LIMIT 1   [ RunTime:0.0010s ]

[ 2017-12-18T16:53:47+08:00 ] 127.0.0.1 /index.php/Admin/Slide/getSlideData.html?page=1&limit=10
INFO: [ app_begin ] --START--
INFO: Run Behavior\ReadHtmlCacheBehavior [ RunTime:0.002001s ]
INFO: [ app_begin ] --END-- [ RunTime:0.004001s ]
SQL: SHOW COLUMNS FROM `z_slide` [ RunTime:0.0910s ]
SQL: SELECT `id`,`status`,`add_time`,`name`,`remark` FROM `z_slide` LIMIT 0,10   [ RunTime:0.0010s ]
SQL: SELECT COUNT(id) AS tp_count FROM `z_slide` LIMIT 1   [ RunTime:0.0010s ]

[ 2017-12-18T16:56:46+08:00 ] 127.0.0.1 /index.php/Admin/Slide/getSlideData.html?page=1&limit=10
INFO: [ app_begin ] --START--
INFO: Run Behavior\ReadHtmlCacheBehavior [ RunTime:0.003000s ]
INFO: [ app_begin ] --END-- [ RunTime:0.004000s ]
SQL: SHOW COLUMNS FROM `z_slide` [ RunTime:0.0160s ]
SQL: SELECT `id`,`status`,`add_time`,`name`,`remark` FROM `z_slide` LIMIT 0,10   [ RunTime:0.0010s ]
SQL: SELECT COUNT(id) AS tp_count FROM `z_slide` LIMIT 1   [ RunTime:0.0010s ]

[ 2017-12-18T16:57:14+08:00 ] 127.0.0.1 /index.php/Admin/Slide/getSlideData.html?page=1&limit=10
INFO: [ app_begin ] --START--
INFO: Run Behavior\ReadHtmlCacheBehavior [ RunTime:0.003000s ]
INFO: [ app_begin ] --END-- [ RunTime:0.004000s ]
SQL: SHOW COLUMNS FROM `z_slide` [ RunTime:0.0200s ]
SQL: SELECT `id`,`status`,`add_time`,`name`,`remark` FROM `z_slide` LIMIT 0,10   [ RunTime:0.0010s ]
SQL: SELECT COUNT(id) AS tp_count FROM `z_slide` LIMIT 1   [ RunTime:0.0000s ]

[ 2017-12-18T16:58:31+08:00 ] 127.0.0.1 /index.php/Admin/Slide/getSlideData.html?page=2&limit=10
INFO: [ app_begin ] --START--
INFO: Run Behavior\ReadHtmlCacheBehavior [ RunTime:0.002001s ]
INFO: [ app_begin ] --END-- [ RunTime:0.003001s ]
SQL: SHOW COLUMNS FROM `z_slide` [ RunTime:0.0460s ]
SQL: SELECT `id`,`status`,`add_time`,`name`,`remark` FROM `z_slide` LIMIT 10,10   [ RunTime:0.0010s ]
SQL: SELECT COUNT(id) AS tp_count FROM `z_slide` LIMIT 1   [ RunTime:0.0010s ]

[ 2017-12-18T17:00:09+08:00 ] 127.0.0.1 /index.php/Admin/Slide/getSlideData.html?page=1&limit=10
INFO: [ app_begin ] --START--
INFO: Run Behavior\ReadHtmlCacheBehavior [ RunTime:0.002001s ]
INFO: [ app_begin ] --END-- [ RunTime:0.003001s ]
SQL: SHOW COLUMNS FROM `z_slide` [ RunTime:0.0170s ]
SQL: SELECT `id`,`status`,`add_time`,`name`,`remark` FROM `z_slide` LIMIT 0,10   [ RunTime:0.0000s ]
SQL: SELECT COUNT(id) AS tp_count FROM `z_slide` LIMIT 1   [ RunTime:0.0000s ]

[ 2017-12-18T17:03:17+08:00 ] 127.0.0.1 /index.php/Admin/Slide/getSlideData.html?page=1&limit=10
INFO: [ app_begin ] --START--
INFO: Run Behavior\ReadHtmlCacheBehavior [ RunTime:0.003000s ]
INFO: [ app_begin ] --END-- [ RunTime:0.005000s ]
SQL: SHOW COLUMNS FROM `z_slide` [ RunTime:0.0190s ]
SQL: SELECT `id`,`status`,`add_time`,`name`,`remark` FROM `z_slide` LIMIT 0,10   [ RunTime:0.0010s ]
SQL: SELECT COUNT(id) AS tp_count FROM `z_slide` LIMIT 1   [ RunTime:0.0010s ]

[ 2017-12-18T17:04:19+08:00 ] 127.0.0.1 /index.php/Admin/Slide/getSlideData.html?page=1&limit=10
INFO: [ app_begin ] --START--
INFO: Run Behavior\ReadHtmlCacheBehavior [ RunTime:0.003000s ]
INFO: [ app_begin ] --END-- [ RunTime:0.004000s ]
SQL: SHOW COLUMNS FROM `z_slide` [ RunTime:0.0900s ]
SQL: SELECT `id`,`status`,`add_time`,`name`,`remark` FROM `z_slide` LIMIT 0,10   [ RunTime:0.0010s ]
SQL: SELECT COUNT(id) AS tp_count FROM `z_slide` LIMIT 1   [ RunTime:0.0000s ]

[ 2017-12-18T17:05:13+08:00 ] 127.0.0.1 /index.php/Admin/Slide/getSlideData.html?page=1&limit=10
INFO: [ app_begin ] --START--
INFO: Run Behavior\ReadHtmlCacheBehavior [ RunTime:0.002000s ]
INFO: [ app_begin ] --END-- [ RunTime:0.003000s ]
SQL: SHOW COLUMNS FROM `z_slide` [ RunTime:0.1590s ]
SQL: SELECT `id`,`status`,`add_time`,`name`,`remark` FROM `z_slide` LIMIT 0,10   [ RunTime:0.0010s ]
SQL: SELECT COUNT(id) AS tp_count FROM `z_slide` LIMIT 1   [ RunTime:0.0010s ]

[ 2017-12-18T17:06:02+08:00 ] 127.0.0.1 /index.php/Admin/Slide/getSlideData.html?page=1&limit=10
INFO: [ app_begin ] --START--
INFO: Run Behavior\ReadHtmlCacheBehavior [ RunTime:0.003000s ]
INFO: [ app_begin ] --END-- [ RunTime:0.005000s ]
SQL: SHOW COLUMNS FROM `z_slide` [ RunTime:0.0160s ]
SQL: SELECT `id`,`status`,`add_time`,`name`,`remark` FROM `z_slide` LIMIT 0,10   [ RunTime:0.0010s ]
SQL: SELECT COUNT(id) AS tp_count FROM `z_slide` LIMIT 1   [ RunTime:0.0000s ]

[ 2017-12-18T17:06:36+08:00 ] 127.0.0.1 /index.php/Admin/Slide/getSlideData.html?page=1&limit=10
INFO: [ app_begin ] --START--
INFO: Run Behavior\ReadHtmlCacheBehavior [ RunTime:0.001000s ]
INFO: [ app_begin ] --END-- [ RunTime:0.002000s ]
SQL: SHOW COLUMNS FROM `z_slide` [ RunTime:0.0170s ]
SQL: SELECT `id`,`status`,`add_time`,`name`,`remark` FROM `z_slide` LIMIT 0,10   [ RunTime:0.0010s ]
SQL: SELECT COUNT(id) AS tp_count FROM `z_slide` LIMIT 1   [ RunTime:0.0000s ]

[ 2017-12-18T17:07:18+08:00 ] 127.0.0.1 /index.php/Admin/Slide/getSlideData.html?page=1&limit=10
INFO: [ app_begin ] --START--
INFO: Run Behavior\ReadHtmlCacheBehavior [ RunTime:0.001000s ]
INFO: [ app_begin ] --END-- [ RunTime:0.002000s ]
SQL: SHOW COLUMNS FROM `z_slide` [ RunTime:0.0200s ]
SQL: SELECT `id`,`status`,`add_time`,`name`,`remark` FROM `z_slide` LIMIT 0,10   [ RunTime:0.0010s ]
SQL: SELECT COUNT(id) AS tp_count FROM `z_slide` LIMIT 1   [ RunTime:0.0000s ]

[ 2017-12-18T17:10:24+08:00 ] 127.0.0.1 /index.php/Admin/Slide/getSlideData.html?page=1&limit=10
INFO: [ app_begin ] --START--
INFO: Run Behavior\ReadHtmlCacheBehavior [ RunTime:0.001000s ]
INFO: [ app_begin ] --END-- [ RunTime:0.002000s ]
SQL: SHOW COLUMNS FROM `z_slide` [ RunTime:0.0360s ]
SQL: SELECT `id`,`status`,`add_time`,`name`,`remark` FROM `z_slide` LIMIT 0,10   [ RunTime:0.0010s ]
SQL: SELECT COUNT(id) AS tp_count FROM `z_slide` LIMIT 1   [ RunTime:0.0010s ]

[ 2017-12-18T17:10:34+08:00 ] 127.0.0.1 /index.php/Admin/Slide/getSlideData.html?page=1&limit=10
INFO: [ app_begin ] --START--
INFO: Run Behavior\ReadHtmlCacheBehavior [ RunTime:0.002000s ]
INFO: [ app_begin ] --END-- [ RunTime:0.003000s ]
SQL: SHOW COLUMNS FROM `z_slide` [ RunTime:0.0230s ]
SQL: SELECT `id`,`status`,`add_time`,`name`,`remark` FROM `z_slide` LIMIT 0,10   [ RunTime:0.0010s ]
SQL: SELECT COUNT(id) AS tp_count FROM `z_slide` LIMIT 1   [ RunTime:0.0010s ]

[ 2017-12-18T17:11:05+08:00 ] 127.0.0.1 /index.php/Admin/Slide/getSlideData.html?page=1&limit=10
INFO: [ app_begin ] --START--
INFO: Run Behavior\ReadHtmlCacheBehavior [ RunTime:0.002000s ]
INFO: [ app_begin ] --END-- [ RunTime:0.003000s ]
SQL: SHOW COLUMNS FROM `z_slide` [ RunTime:0.0160s ]
SQL: SELECT `id`,`status`,`add_time`,`name`,`remark` FROM `z_slide` LIMIT 0,10   [ RunTime:0.0000s ]
SQL: SELECT COUNT(id) AS tp_count FROM `z_slide` LIMIT 1   [ RunTime:0.0000s ]

[ 2017-12-18T17:11:36+08:00 ] 127.0.0.1 /index.php/Admin/Slide/getSlideData.html?page=1&limit=10
INFO: [ app_begin ] --START--
INFO: Run Behavior\ReadHtmlCacheBehavior [ RunTime:0.003001s ]
INFO: [ app_begin ] --END-- [ RunTime:0.006001s ]
SQL: SHOW COLUMNS FROM `z_slide` [ RunTime:0.0240s ]
SQL: SELECT `id`,`status`,`add_time`,`name`,`remark` FROM `z_slide` LIMIT 0,10   [ RunTime:0.0010s ]
SQL: SELECT COUNT(id) AS tp_count FROM `z_slide` LIMIT 1   [ RunTime:0.0000s ]

[ 2017-12-18T17:11:46+08:00 ] 127.0.0.1 /index.php/Admin/Slide/getSlideData.html?page=1&limit=10
INFO: [ app_begin ] --START--
INFO: Run Behavior\ReadHtmlCacheBehavior [ RunTime:0.003001s ]
INFO: [ app_begin ] --END-- [ RunTime:0.004001s ]
SQL: SHOW COLUMNS FROM `z_slide` [ RunTime:0.0190s ]
SQL: SELECT `id`,`status`,`add_time`,`name`,`remark` FROM `z_slide` LIMIT 0,10   [ RunTime:0.0010s ]
SQL: SELECT COUNT(id) AS tp_count FROM `z_slide` LIMIT 1   [ RunTime:0.0000s ]

[ 2017-12-18T17:14:13+08:00 ] 127.0.0.1 /index.php/Admin/Slide/getSlideData.html?page=1&limit=10
INFO: [ app_begin ] --START--
INFO: Run Behavior\ReadHtmlCacheBehavior [ RunTime:0.003000s ]
INFO: [ app_begin ] --END-- [ RunTime:0.004000s ]
SQL: SHOW COLUMNS FROM `z_slide` [ RunTime:0.0250s ]
SQL: SELECT `id`,`status`,`add_time`,`name`,`remark` FROM `z_slide` LIMIT 0,10   [ RunTime:0.0030s ]
SQL: SELECT COUNT(id) AS tp_count FROM `z_slide` LIMIT 1   [ RunTime:0.0010s ]

[ 2017-12-18T17:14:21+08:00 ] 127.0.0.1 /index.php/Admin/Slide/getSlideData.html?page=1&limit=10
INFO: [ app_begin ] --START--
INFO: Run Behavior\ReadHtmlCacheBehavior [ RunTime:0.003000s ]
INFO: [ app_begin ] --END-- [ RunTime:0.004000s ]
SQL: SHOW COLUMNS FROM `z_slide` [ RunTime:0.0170s ]
SQL: SELECT `id`,`status`,`add_time`,`name`,`remark` FROM `z_slide` LIMIT 0,10   [ RunTime:0.0010s ]
SQL: SELECT COUNT(id) AS tp_count FROM `z_slide` LIMIT 1   [ RunTime:0.0000s ]

[ 2017-12-18T17:14:26+08:00 ] 127.0.0.1 /index.php/Admin/Slide/getSlideData.html?page=1&limit=10
INFO: [ app_begin ] --START--
INFO: Run Behavior\ReadHtmlCacheBehavior [ RunTime:0.002000s ]
INFO: [ app_begin ] --END-- [ RunTime:0.003000s ]
SQL: SHOW COLUMNS FROM `z_slide` [ RunTime:0.0690s ]
SQL: SELECT `id`,`status`,`add_time`,`name`,`remark` FROM `z_slide` LIMIT 0,10   [ RunTime:0.0010s ]
SQL: SELECT COUNT(id) AS tp_count FROM `z_slide` LIMIT 1   [ RunTime:0.0010s ]

[ 2017-12-18T17:15:47+08:00 ] 127.0.0.1 /index.php/Admin/Slide/getSlideData.html?page=1&limit=10
INFO: [ app_begin ] --START--
INFO: Run Behavior\ReadHtmlCacheBehavior [ RunTime:0.004001s ]
INFO: [ app_begin ] --END-- [ RunTime:0.005001s ]
SQL: SHOW COLUMNS FROM `z_slide` [ RunTime:0.0180s ]
SQL: SELECT `id`,`status`,`add_time`,`name`,`remark` FROM `z_slide` LIMIT 0,10   [ RunTime:0.0010s ]
SQL: SELECT COUNT(id) AS tp_count FROM `z_slide` LIMIT 1   [ RunTime:0.0010s ]

[ 2017-12-18T17:18:57+08:00 ] 127.0.0.1 /index.php/Admin/Slide/getSlideData.html?page=1&limit=10
INFO: [ app_begin ] --START--
INFO: Run Behavior\ReadHtmlCacheBehavior [ RunTime:0.004000s ]
INFO: [ app_begin ] --END-- [ RunTime:0.006000s ]
SQL: SHOW COLUMNS FROM `z_slide` [ RunTime:0.0270s ]
SQL: SELECT `id`,`status`,`add_time`,`name`,`remark` FROM `z_slide` LIMIT 0,10   [ RunTime:0.0020s ]
SQL: SELECT COUNT(id) AS tp_count FROM `z_slide` LIMIT 1   [ RunTime:0.0010s ]

[ 2017-12-18T18:29:48+08:00 ] 127.0.0.1 /index.php/Admin/Slide/getSlideData.html?page=1&limit=10
INFO: [ app_begin ] --START--
INFO: Run Behavior\ReadHtmlCacheBehavior [ RunTime:0.003000s ]
INFO: [ app_begin ] --END-- [ RunTime:0.005000s ]
SQL: SHOW COLUMNS FROM `z_slide` [ RunTime:1.9351s ]
SQL: SELECT `id`,`status`,`add_time`,`name`,`remark` FROM `z_slide` LIMIT 0,10   [ RunTime:0.0920s ]
SQL: SELECT COUNT(id) AS tp_count FROM `z_slide` LIMIT 1   [ RunTime:0.0010s ]

[ 2017-12-18T18:30:20+08:00 ] 127.0.0.1 /index.php/Admin/Slide/getSlideData.html?page=2&limit=10
INFO: [ app_begin ] --START--
INFO: Run Behavior\ReadHtmlCacheBehavior [ RunTime:0.002000s ]
INFO: [ app_begin ] --END-- [ RunTime:0.003000s ]
SQL: SHOW COLUMNS FROM `z_slide` [ RunTime:0.0210s ]
SQL: SELECT `id`,`status`,`add_time`,`name`,`remark` FROM `z_slide` LIMIT 10,10   [ RunTime:0.0010s ]
SQL: SELECT COUNT(id) AS tp_count FROM `z_slide` LIMIT 1   [ RunTime:0.0010s ]

[ 2017-12-18T18:30:22+08:00 ] 127.0.0.1 /index.php/Admin/Slide/getSlideData.html?page=1&limit=10
INFO: [ app_begin ] --START--
INFO: Run Behavior\ReadHtmlCacheBehavior [ RunTime:0.002000s ]
INFO: [ app_begin ] --END-- [ RunTime:0.003000s ]
SQL: SHOW COLUMNS FROM `z_slide` [ RunTime:0.0170s ]
SQL: SELECT `id`,`status`,`add_time`,`name`,`remark` FROM `z_slide` LIMIT 0,10   [ RunTime:0.0010s ]
SQL: SELECT COUNT(id) AS tp_count FROM `z_slide` LIMIT 1   [ RunTime:0.0230s ]

[ 2017-12-18T19:09:30+08:00 ] 127.0.0.1 /index.php/Admin/Slide/getSlideData.html?page=1&limit=10
INFO: [ app_begin ] --START--
INFO: Run Behavior\ReadHtmlCacheBehavior [ RunTime:0.001000s ]
INFO: [ app_begin ] --END-- [ RunTime:0.002000s ]
SQL: SHOW COLUMNS FROM `z_slide` [ RunTime:0.0640s ]
SQL: SELECT `id`,`status`,`add_time`,`name`,`remark` FROM `z_slide` LIMIT 0,10   [ RunTime:0.0010s ]
SQL: SELECT COUNT(id) AS tp_count FROM `z_slide` LIMIT 1   [ RunTime:0.0000s ]

[ 2017-12-18T19:09:42+08:00 ] 127.0.0.1 /index.php/Admin/Slide/getSlideData.html?page=1&limit=10
INFO: [ app_begin ] --START--
INFO: Run Behavior\ReadHtmlCacheBehavior [ RunTime:0.001000s ]
INFO: [ app_begin ] --END-- [ RunTime:0.001000s ]
SQL: SHOW COLUMNS FROM `z_slide` [ RunTime:0.0190s ]
SQL: SELECT `id`,`status`,`add_time`,`name`,`remark` FROM `z_slide` LIMIT 0,10   [ RunTime:0.0000s ]
SQL: SELECT COUNT(id) AS tp_count FROM `z_slide` LIMIT 1   [ RunTime:0.0010s ]

[ 2017-12-18T19:11:28+08:00 ] 127.0.0.1 /index.php/Admin/Slide/getSlideData.html?page=1&limit=10
INFO: [ app_begin ] --START--
INFO: Run Behavior\ReadHtmlCacheBehavior [ RunTime:0.002000s ]
INFO: [ app_begin ] --END-- [ RunTime:0.002000s ]
SQL: SHOW COLUMNS FROM `z_slide` [ RunTime:0.0210s ]
SQL: SELECT `id`,`status`,`add_time`,`name`,`remark` FROM `z_slide` LIMIT 0,10   [ RunTime:0.0010s ]
SQL: SELECT COUNT(id) AS tp_count FROM `z_slide` LIMIT 1   [ RunTime:0.0010s ]

[ 2017-12-18T19:12:03+08:00 ] 127.0.0.1 /index.php/Admin/Slide/getSlideData.html?page=1&limit=10
INFO: [ app_begin ] --START--
INFO: Run Behavior\ReadHtmlCacheBehavior [ RunTime:0.001000s ]
INFO: [ app_begin ] --END-- [ RunTime:0.002000s ]
SQL: SHOW COLUMNS FROM `z_slide` [ RunTime:0.0200s ]
SQL: SELECT `id`,`status`,`add_time`,`name`,`remark` FROM `z_slide` LIMIT 0,10   [ RunTime:0.0010s ]
SQL: SELECT COUNT(id) AS tp_count FROM `z_slide` LIMIT 1   [ RunTime:0.0010s ]

[ 2017-12-18T19:12:05+08:00 ] 127.0.0.1 /index.php/Admin/Slide/getSlideData.html?page=1&limit=10
INFO: [ app_begin ] --START--
INFO: Run Behavior\ReadHtmlCacheBehavior [ RunTime:0.001000s ]
INFO: [ app_begin ] --END-- [ RunTime:0.002000s ]
SQL: SHOW COLUMNS FROM `z_slide` [ RunTime:0.0280s ]
SQL: SELECT `id`,`status`,`add_time`,`name`,`remark` FROM `z_slide` LIMIT 0,10   [ RunTime:0.0010s ]
SQL: SELECT COUNT(id) AS tp_count FROM `z_slide` LIMIT 1   [ RunTime:0.0010s ]

[ 2017-12-18T19:27:28+08:00 ] 127.0.0.1 /index.php/Admin/Slide/getSlideData.html?page=1&limit=10
INFO: [ app_begin ] --START--
INFO: Run Behavior\ReadHtmlCacheBehavior [ RunTime:0.002000s ]
INFO: [ app_begin ] --END-- [ RunTime:0.003000s ]
SQL: SHOW COLUMNS FROM `z_slide` [ RunTime:0.0160s ]
SQL: SELECT `id`,`status`,`add_time`,`name`,`remark` FROM `z_slide` LIMIT 0,10   [ RunTime:0.0010s ]
SQL: SELECT COUNT(id) AS tp_count FROM `z_slide` LIMIT 1   [ RunTime:0.0010s ]

[ 2017-12-18T19:27:35+08:00 ] 127.0.0.1 /index.php/Admin/Slide/getSlideData.html?page=1&limit=10
INFO: [ app_begin ] --START--
INFO: Run Behavior\ReadHtmlCacheBehavior [ RunTime:0.001000s ]
INFO: [ app_begin ] --END-- [ RunTime:0.002000s ]
SQL: SHOW COLUMNS FROM `z_slide` [ RunTime:0.2870s ]
SQL: SELECT `id`,`status`,`add_time`,`name`,`remark` FROM `z_slide` LIMIT 0,10   [ RunTime:0.0010s ]
SQL: SELECT COUNT(id) AS tp_count FROM `z_slide` LIMIT 1   [ RunTime:0.0010s ]

[ 2017-12-18T19:40:00+08:00 ] 127.0.0.1 /index.php/Admin/Slide/getSlideData.html?page=1&limit=10
INFO: [ app_begin ] --START--
INFO: Run Behavior\ReadHtmlCacheBehavior [ RunTime:0.001000s ]
INFO: [ app_begin ] --END-- [ RunTime:0.002000s ]
SQL: SHOW COLUMNS FROM `z_slide` [ RunTime:0.0180s ]
SQL: SELECT `id`,`status`,`add_time`,`name`,`remark` FROM `z_slide` LIMIT 0,10   [ RunTime:0.0010s ]
SQL: SELECT COUNT(id) AS tp_count FROM `z_slide` LIMIT 1   [ RunTime:0.0000s ]

[ 2017-12-18T19:41:14+08:00 ] 127.0.0.1 /index.php/Admin/Slide/getSlideData.html?page=1&limit=10
INFO: [ app_begin ] --START--
INFO: Run Behavior\ReadHtmlCacheBehavior [ RunTime:0.002000s ]
INFO: [ app_begin ] --END-- [ RunTime:0.003000s ]
SQL: SHOW COLUMNS FROM `z_slide` [ RunTime:0.0270s ]
SQL: SELECT `id`,`status`,`add_time`,`name`,`remark` FROM `z_slide` LIMIT 0,10   [ RunTime:0.0010s ]
SQL: SELECT COUNT(id) AS tp_count FROM `z_slide` LIMIT 1   [ RunTime:0.0010s ]

[ 2017-12-18T19:41:36+08:00 ] 127.0.0.1 /index.php/Admin/Slide/getSlideData.html?page=1&limit=10
INFO: [ app_begin ] --START--
INFO: Run Behavior\ReadHtmlCacheBehavior [ RunTime:0.002000s ]
INFO: [ app_begin ] --END-- [ RunTime:0.004000s ]
SQL: SHOW COLUMNS FROM `z_slide` [ RunTime:0.0220s ]
SQL: SELECT `id`,`status`,`add_time`,`name`,`remark` FROM `z_slide` LIMIT 0,10   [ RunTime:0.0010s ]
SQL: SELECT COUNT(id) AS tp_count FROM `z_slide` LIMIT 1   [ RunTime:0.0010s ]

[ 2017-12-18T19:41:50+08:00 ] 127.0.0.1 /index.php/Admin/Slide/getSlideData.html?page=1&limit=10
INFO: [ app_begin ] --START--
INFO: Run Behavior\ReadHtmlCacheBehavior [ RunTime:0.001000s ]
INFO: [ app_begin ] --END-- [ RunTime:0.003000s ]
SQL: SHOW COLUMNS FROM `z_slide` [ RunTime:0.3390s ]
SQL: SELECT `id`,`status`,`add_time`,`name`,`remark` FROM `z_slide` LIMIT 0,10   [ RunTime:0.0010s ]
SQL: SELECT COUNT(id) AS tp_count FROM `z_slide` LIMIT 1   [ RunTime:0.0010s ]

[ 2017-12-18T19:42:23+08:00 ] 127.0.0.1 /index.php/Admin/Slide/getSlideData.html?page=1&limit=10
INFO: [ app_begin ] --START--
INFO: Run Behavior\ReadHtmlCacheBehavior [ RunTime:0.003000s ]
INFO: [ app_begin ] --END-- [ RunTime:0.004000s ]
SQL: SHOW COLUMNS FROM `z_slide` [ RunTime:0.0240s ]
SQL: SELECT `id`,`status`,`add_time`,`name`,`remark` FROM `z_slide` LIMIT 0,10   [ RunTime:0.0020s ]
SQL: SELECT COUNT(id) AS tp_count FROM `z_slide` LIMIT 1   [ RunTime:0.0010s ]

[ 2017-12-18T19:44:40+08:00 ] 127.0.0.1 /index.php/Admin/Slide/getSlideData.html?page=1&limit=10
INFO: [ app_begin ] --START--
INFO: Run Behavior\ReadHtmlCacheBehavior [ RunTime:0.001000s ]
INFO: [ app_begin ] --END-- [ RunTime:0.003000s ]
SQL: SHOW COLUMNS FROM `z_slide` [ RunTime:0.0190s ]
SQL: SELECT `id`,`status`,`add_time`,`name`,`remark` FROM `z_slide` LIMIT 0,10   [ RunTime:0.0010s ]
SQL: SELECT COUNT(id) AS tp_count FROM `z_slide` LIMIT 1   [ RunTime:0.0010s ]

[ 2017-12-18T19:44:42+08:00 ] 127.0.0.1 /index.php/Admin/Slide/getSlideData.html?page=1&limit=10
INFO: [ app_begin ] --START--
INFO: Run Behavior\ReadHtmlCacheBehavior [ RunTime:0.001000s ]
INFO: [ app_begin ] --END-- [ RunTime:0.003000s ]
SQL: SHOW COLUMNS FROM `z_slide` [ RunTime:0.0250s ]
SQL: SELECT `id`,`status`,`add_time`,`name`,`remark` FROM `z_slide` LIMIT 0,10   [ RunTime:0.0010s ]
SQL: SELECT COUNT(id) AS tp_count FROM `z_slide` LIMIT 1   [ RunTime:0.0010s ]

[ 2017-12-18T19:45:16+08:00 ] 127.0.0.1 /index.php/Admin/Slide/getSlideData.html?page=1&limit=10
INFO: [ app_begin ] --START--
INFO: Run Behavior\ReadHtmlCacheBehavior [ RunTime:0.002000s ]
INFO: [ app_begin ] --END-- [ RunTime:0.003000s ]
SQL: SHOW COLUMNS FROM `z_slide` [ RunTime:0.0530s ]
SQL: SELECT `id`,`status`,`add_time`,`name`,`remark` FROM `z_slide` LIMIT 0,10   [ RunTime:0.0010s ]
SQL: SELECT COUNT(id) AS tp_count FROM `z_slide` LIMIT 1   [ RunTime:0.0010s ]

[ 2017-12-18T19:46:07+08:00 ] 127.0.0.1 /index.php/Admin/Slide/getSlideData.html?page=1&limit=10
INFO: [ app_begin ] --START--
INFO: Run Behavior\ReadHtmlCacheBehavior [ RunTime:0.001000s ]
INFO: [ app_begin ] --END-- [ RunTime:0.001000s ]
SQL: SHOW COLUMNS FROM `z_slide` [ RunTime:0.0530s ]
SQL: SELECT `id`,`status`,`add_time`,`name`,`remark` FROM `z_slide` LIMIT 0,10   [ RunTime:0.0010s ]
SQL: SELECT COUNT(id) AS tp_count FROM `z_slide` LIMIT 1   [ RunTime:0.0000s ]

