[ 2017-11-28T17:00:20+08:00 ] ::1 /thinkphp32/layuiAdmin.html?from=demo
ERR: 无法加载控制器:LayuiAdmin

[ 2017-11-28T17:00:20+08:00 ] ::1 /thinkphp32/layuiAdmin.html?from=demo
ERR: 无法加载控制器:LayuiAdmin

[ 2017-11-28T17:00:37+08:00 ] ::1 /thinkphp32/layuiAdmin.html
ERR: 无法加载控制器:LayuiAdmin

[ 2017-11-28T17:03:38+08:00 ] ::1 /thinkphp32/thinkphp32/layui/css/layui.css
ERR: 无法加载控制器:Thinkphp32

[ 2017-11-28T17:03:38+08:00 ] ::1 /thinkphp32/thinkphp32/layui/layui.js
ERR: 无法加载控制器:Thinkphp32

[ 2017-11-28T17:03:38+08:00 ] ::1 /thinkphp32/thinkphp32/layui/layui.all.js
ERR: 无法加载控制器:Thinkphp32

[ 2017-11-28T17:03:38+08:00 ] ::1 /thinkphp32/layuiAdmin.html?from=demo
ERR: 无法加载控制器:LayuiAdmin

[ 2017-11-28T17:03:39+08:00 ] ::1 /thinkphp32/layuiAdmin.html?from=demo
ERR: 无法加载控制器:LayuiAdmin

[ 2017-11-28T17:04:12+08:00 ] ::1 /thinkphp32/thinkphp32/layui/css/layui.css
ERR: 无法加载控制器:Thinkphp32

[ 2017-11-28T17:04:12+08:00 ] ::1 /thinkphp32/thinkphp32/layui/layui.all.js
ERR: 无法加载控制器:Thinkphp32

[ 2017-11-28T17:04:12+08:00 ] ::1 /thinkphp32/thinkphp32/layui/layui.js
ERR: 无法加载控制器:Thinkphp32

[ 2017-11-28T17:04:12+08:00 ] ::1 /thinkphp32/layuiAdmin.html?from=demo
ERR: 无法加载控制器:LayuiAdmin

[ 2017-11-28T17:04:12+08:00 ] ::1 /thinkphp32/thinkphp32/layui/layui.all.js
ERR: 无法加载控制器:Thinkphp32

[ 2017-11-28T17:04:48+08:00 ] ::1 /thinkphp32/thinkphp32/layui/css/layui.css
ERR: 无法加载控制器:Thinkphp32

[ 2017-11-28T17:04:48+08:00 ] ::1 /thinkphp32/thinkphp32/layui/layui.js
ERR: 无法加载控制器:Thinkphp32

[ 2017-11-28T17:04:48+08:00 ] ::1 /thinkphp32/thinkphp32/layui/layui.all.js
ERR: 无法加载控制器:Thinkphp32

[ 2017-11-28T17:04:48+08:00 ] ::1 /thinkphp32/layuiAdmin.html?from=demo
ERR: 无法加载控制器:LayuiAdmin

[ 2017-11-28T17:04:53+08:00 ] ::1 /thinkphp32/thinkphp32/layui/css/layui.css
ERR: 无法加载控制器:Thinkphp32

[ 2017-11-28T17:05:17+08:00 ] ::1 /thinkphp32/thinkphp32/layui/css/layui.css
ERR: 无法加载控制器:Thinkphp32

[ 2017-11-28T17:05:22+08:00 ] ::1 /thinkphp32/layuiAdmin.html?from=demo
ERR: 无法加载控制器:LayuiAdmin

[ 2017-11-28T17:05:47+08:00 ] ::1 /thinkphp32/layuiAdmin.html?from=demo
ERR: 无法加载控制器:LayuiAdmin

[ 2017-11-28T17:06:02+08:00 ] ::1 /thinkphp32/layuiAdmin.html?from=demo
ERR: 无法加载控制器:LayuiAdmin

[ 2017-11-28T17:16:17+08:00 ] ::1 /thinkphp32/index.php
ERR: 模板不存在:D:\phpStudy\WWW\thinkphp32/Admin/View//Layout/layout.html

[ 2017-11-28T17:17:03+08:00 ] ::1 /thinkphp32/index.php
ERR: 模板不存在:D:\phpStudy\WWW\thinkphp32/Admin/View//Layout/layout.html

[ 2017-11-28T17:17:47+08:00 ] ::1 /thinkphp32/index.php
ERR: 模板不存在:D:\phpStudy\WWW\thinkphp32/Admin/View//Layout/layout.html

